Log file open, 03/01/23 09:28:12
LogWindows: Failed to load 'aqProf.dll' (GetLastError=126)
LogWindows: File 'aqProf.dll' does not exist
LogWindows: Failed to load 'VtuneApi.dll' (GetLastError=126)
LogWindows: File 'VtuneApi.dll' does not exist
LogWindows: Failed to load 'VtuneApi32e.dll' (GetLastError=126)
LogWindows: File 'VtuneApi32e.dll' does not exist
LogConsoleResponse: Display: Failed to find resolution value strings in scalability ini. Falling back to default.
LogConsoleResponse: Display: Failed to find resolution value strings in scalability ini. Falling back to default.
LogInit: Display: Running engine for game: Infinite_Runner
LogPlatformFile: Not using cached read wrapper
LogTaskGraph: Started task graph with 5 named threads and 47 total threads with 3 sets of task threads.
LogStats: Stats thread started at 0.242374
LogICUInternationalization: ICU TimeZone Detection - Raw Offset: +0:00, Platform Override: ''
LogInit: Display: Loading text-based GConfig....
LogPluginManager: Mounting plugin MeshPainting
LogPluginManager: Mounting plugin XGEController
LogPluginManager: Mounting plugin Paper2D
LogPluginManager: Mounting plugin AISupport
LogPluginManager: Mounting plugin EnvironmentQueryEditor
LogPluginManager: Mounting plugin LiveLink
LogPluginManager: Mounting plugin LightPropagationVolume
LogPluginManager: Mounting plugin OodleData
LogPluginManager: Mounting plugin CameraShakePreviewer
LogPluginManager: Mounting plugin AnimationSharing
LogPluginManager: Mounting plugin CLionSourceCodeAccess
LogPluginManager: Mounting plugin CodeLiteSourceCodeAccess
LogPluginManager: Mounting plugin GitSourceControl
LogPluginManager: Mounting plugin KDevelopSourceCodeAccess
LogPluginManager: Mounting plugin NullSourceCodeAccess
LogPluginManager: Mounting plugin PerforceSourceControl
LogPluginManager: Mounting plugin PlasticSourceControl
LogPluginManager: Mounting plugin PixWinPlugin
LogPluginManager: Mounting plugin PluginUtils
LogPluginManager: Mounting plugin PropertyAccessNode
LogPluginManager: Mounting plugin RiderSourceCodeAccess
LogPluginManager: Mounting plugin OodleNetwork
LogPluginManager: Mounting plugin GameplayCameras
LogPluginManager: Mounting plugin TextureFormatOodle
LogPluginManager: Mounting plugin SubversionSourceControl
LogPluginManager: Mounting plugin UObjectPlugin
LogPluginManager: Mounting plugin VisualStudioCodeSourceCodeAccess
LogPluginManager: Mounting plugin VisualStudioSourceCodeAccess
LogPluginManager: Mounting plugin XCodeSourceCodeAccess
LogPluginManager: Mounting plugin DatasmithContent
LogPluginManager: Mounting plugin AssetManagerEditor
LogPluginManager: Mounting plugin VariantManagerContent
LogPluginManager: Mounting plugin CryptoKeys
LogPluginManager: Mounting plugin CurveEditorTools
LogPluginManager: Mounting plugin DataValidation
LogPluginManager: Mounting plugin FacialAnimation
LogPluginManager: Mounting plugin GeometryMode
LogPluginManager: Mounting plugin GameplayTagsEditor
LogPluginManager: Mounting plugin MacGraphicsSwitching
LogPluginManager: Mounting plugin MaterialAnalyzer
LogPluginManager: Mounting plugin MobileLauncherProfileWizard
LogPluginManager: Mounting plugin SpeedTreeImporter
LogPluginManager: Mounting plugin PluginBrowser
LogPluginManager: Mounting plugin AlembicImporter
LogPluginManager: Mounting plugin AutomationUtils
LogPluginManager: Mounting plugin BackChannel
LogPluginManager: Mounting plugin ChaosCloth
LogPluginManager: Mounting plugin ChaosEditor
LogPluginManager: Mounting plugin ChaosClothEditor
LogPluginManager: Mounting plugin ChaosNiagara
LogPluginManager: Mounting plugin ChaosSolverPlugin
LogPluginManager: Mounting plugin Niagara
LogPluginManager: Mounting plugin CharacterAI
LogPluginManager: Mounting plugin GeometryCache
LogPluginManager: Mounting plugin GeometryCollectionPlugin
LogPluginManager: Mounting plugin GeometryProcessing
LogPluginManager: Mounting plugin MotoSynth
LogPluginManager: Mounting plugin OpenImageDenoise
LogPluginManager: Mounting plugin PlatformCrypto
LogPluginManager: Mounting plugin PlanarCut
LogPluginManager: Mounting plugin ProxyLODPlugin
LogPluginManager: Mounting plugin PythonScriptPlugin
LogPluginManager: Mounting plugin LuminPlatformFeatures
LogPluginManager: Mounting plugin MagicLeap
LogPluginManager: Mounting plugin MagicLeapLightEstimation
LogPluginManager: Mounting plugin MagicLeapMedia
LogPluginManager: Mounting plugin MagicLeapPassableWorld
LogPluginManager: Mounting plugin MLSDK
LogPluginManager: Mounting plugin SkeletalReduction
LogPluginManager: Mounting plugin AndroidMedia
LogPluginManager: Mounting plugin AvfMedia
LogPluginManager: Mounting plugin ImgMedia
LogPluginManager: Mounting plugin MediaCompositing
LogPluginManager: Mounting plugin MediaPlayerEditor
LogPluginManager: Mounting plugin WebMMedia
LogPluginManager: Mounting plugin WmfMedia
LogPluginManager: Mounting plugin UdpMessaging
LogPluginManager: Mounting plugin TcpMessaging
LogPluginManager: Mounting plugin ActorSequence
LogPluginManager: Mounting plugin MatineeToLevelSequence
LogPluginManager: Mounting plugin LevelSequenceEditor
LogPluginManager: Mounting plugin TemplateSequence
LogPluginManager: Mounting plugin OnlineSubsystem
LogPluginManager: Mounting plugin OnlineSubsystemNull
LogPluginManager: Mounting plugin OnlineSubsystemUtils
LogPluginManager: Mounting plugin LauncherChunkInstaller
LogPluginManager: Mounting plugin ScreenshotTools
LogPluginManager: Mounting plugin ActorLayerUtilities
LogPluginManager: Mounting plugin AndroidDeviceProfileSelector
LogPluginManager: Mounting plugin AndroidPermission
LogPluginManager: Mounting plugin AndroidMoviePlayer
LogPluginManager: Mounting plugin AppleImageUtils
LogPluginManager: Mounting plugin AppleMoviePlayer
LogPluginManager: Mounting plugin ArchVisCharacter
LogPluginManager: Mounting plugin AssetTags
LogPluginManager: Mounting plugin AudioCapture
LogPluginManager: Mounting plugin AudioSynesthesia
LogPluginManager: Mounting plugin CableComponent
LogPluginManager: Mounting plugin ChunkDownloader
LogPluginManager: Mounting plugin CustomMeshComponent
LogPluginManager: Mounting plugin Takes
LogPluginManager: Mounting plugin EditableMesh
LogPluginManager: Mounting plugin ExampleDeviceProfileSelector
LogPluginManager: Mounting plugin GoogleCloudMessaging
LogPluginManager: Mounting plugin GooglePAD
LogPluginManager: Mounting plugin IOSDeviceProfileSelector
LogPluginManager: Mounting plugin LinuxDeviceProfileSelector
LogPluginManager: Mounting plugin LocationServicesBPLibrary
LogPluginManager: Mounting plugin MobilePatchingUtils
LogPluginManager: Mounting plugin OpenXR
LogPluginManager: Mounting plugin OpenXREyeTracker
LogPluginManager: Mounting plugin OpenXRHandTracking
LogPluginManager: Mounting plugin PhysXVehicles
LogPluginManager: Mounting plugin PostSplashScreen
LogPluginManager: Mounting plugin ProceduralMeshComponent
LogPluginManager: Mounting plugin PropertyAccessEditor
LogPluginManager: Mounting plugin RuntimePhysXCooking
LogPluginManager: Mounting plugin SignificanceManager
LogPluginManager: Mounting plugin SoundFields
LogPluginManager: Mounting plugin Synthesis
LogPluginManager: Mounting plugin WebMMoviePlayer
LogPluginManager: Mounting plugin WindowsMoviePlayer
LogPluginManager: Mounting plugin ContentBrowserAssetDataSource
LogPluginManager: Mounting plugin ContentBrowserClassDataSource
LogPluginManager: Mounting plugin ContentBrowserFileDataSource
LogPluginManager: Mounting plugin OnlineSubsystemGooglePlay
LogPluginManager: Mounting plugin OnlineSubsystemIOS
LogPluginManager: Mounting plugin OculusVR
LogPluginManager: Mounting plugin SteamVR
PixWinPlugin: PIX capture plugin failed to initialize! Check that the process is launched from PIX.
LogInit: Using libcurl 7.55.1-DEV
LogInit:  - built for x86_64-pc-win32
LogInit:  - supports SSL with OpenSSL/1.1.1
LogInit:  - supports HTTP deflate (compression) using libz 1.2.8
LogInit:  - other features:
LogInit:      CURL_VERSION_SSL
LogInit:      CURL_VERSION_LIBZ
LogInit:      CURL_VERSION_IPV6
LogInit:      CURL_VERSION_ASYNCHDNS
LogInit:      CURL_VERSION_LARGEFILE
LogInit:      CURL_VERSION_IDN
LogInit:  CurlRequestOptions (configurable via config and command line):
LogInit:  - bVerifyPeer = true  - Libcurl will verify peer certificate
LogInit:  - bUseHttpProxy = false  - Libcurl will NOT use HTTP proxy
LogInit:  - bDontReuseConnections = false  - Libcurl will reuse connections
LogInit:  - MaxHostConnections = 16  - Libcurl will limit the number of connections to a host
LogInit:  - LocalHostAddr = Default
LogInit:  - BufferSize = 65536
LogOnline: OSS: Creating online subsystem instance for: NULL
LogInit: WinSock: version 1.1 (2.2), MaxSocks=32767, MaxUdp=65467
LogOnline: OSS: TryLoadSubsystemAndSetDefault: Loaded subsystem for module [NULL]
LogOculusPluginWrapper: OculusPlugin initialized successfully
LogHMD: Failed initializing OVRPlugin 1.59.0
LogInit: Build: ++UE4+Release-4.27-CL-18319896
LogInit: Engine Version: 4.27.2-18319896+++UE4+Release-4.27
LogInit: Compatible Engine Version: 4.27.0-17155196+++UE4+Release-4.27
LogInit: Net CL: 17155196
LogInit: OS: Windows 10 (Release 2009) (), CPU: AMD Ryzen 7 5800H with Radeon Graphics         , GPU: AMD Radeon(TM) Graphics
LogInit: Compiled (64-bit): Nov 30 2021 07:12:08
LogInit: Compiled with Visual C++: 19.24.28315.00
LogInit: Build Configuration: Development
LogInit: Branch Name: ++UE4+Release-4.27
LogInit: Command Line:  -EpicPortal -epicusername=KyleAPI -epicuserid=4975e066e38048908b3d7d524fa8a2d0 -epiclocale=en -epicsandboxid=ue
LogInit: Base Directory: C:/Program Files/Epic Games/UE_4.27/Engine/Binaries/Win64/
LogInit: Allocator: TBB
LogInit: Installed Engine Build: 1
LogDevObjectVersion: Number of dev versions registered: 29
LogDevObjectVersion:   Dev-Blueprints (B0D832E4-1F89-4F0D-ACCF-7EB736FD4AA2): 10
LogDevObjectVersion:   Dev-Build (E1C64328-A22C-4D53-A36C-8E866417BD8C): 0
LogDevObjectVersion:   Dev-Core (375EC13C-06E4-48FB-B500-84F0262A717E): 4
LogDevObjectVersion:   Dev-Editor (E4B068ED-F494-42E9-A231-DA0B2E46BB41): 40
LogDevObjectVersion:   Dev-Framework (CFFC743F-43B0-4480-9391-14DF171D2073): 37
LogDevObjectVersion:   Dev-Mobile (B02B49B5-BB20-44E9-A304-32B752E40360): 3
LogDevObjectVersion:   Dev-Networking (A4E4105C-59A1-49B5-A7C5-40C4547EDFEE): 0
LogDevObjectVersion:   Dev-Online (39C831C9-5AE6-47DC-9A44-9C173E1C8E7C): 0
LogDevObjectVersion:   Dev-Physics (78F01B33-EBEA-4F98-B9B4-84EACCB95AA2): 14
LogDevObjectVersion:   Dev-Platform (6631380F-2D4D-43E0-8009-CF276956A95A): 0
LogDevObjectVersion:   Dev-Rendering (12F88B9F-8875-4AFC-A67C-D90C383ABD29): 45
LogDevObjectVersion:   Dev-Sequencer (7B5AE74C-D270-4C10-A958-57980B212A5A): 13
LogDevObjectVersion:   Dev-VR (D7296918-1DD6-4BDD-9DE2-64A83CC13884): 3
LogDevObjectVersion:   Dev-LoadTimes (C2A15278-BFE7-4AFE-6C17-90FF531DF755): 1
LogDevObjectVersion:   Private-Geometry (6EACA3D4-40EC-4CC1-B786-8BED09428FC5): 3
LogDevObjectVersion:   Dev-AnimPhys (29E575DD-E0A3-4627-9D10-D276232CDCEA): 17
LogDevObjectVersion:   Dev-Anim (AF43A65D-7FD3-4947-9873-3E8ED9C1BB05): 15
LogDevObjectVersion:   Dev-ReflectionCapture (6B266CEC-1EC7-4B8F-A30B-E4D90942FC07): 1
LogDevObjectVersion:   Dev-Automation (0DF73D61-A23F-47EA-B727-89E90C41499A): 1
LogDevObjectVersion:   FortniteMain (601D1886-AC64-4F84-AA16-D3DE0DEAC7D6): 47
LogDevObjectVersion:   FortniteRelease (E7086368-6B23-4C58-8439-1B7016265E91): 1
LogDevObjectVersion:   Dev-Enterprise (9DFFBCD6-494F-0158-E221-12823C92A888): 10
LogDevObjectVersion:   Dev-Niagara (F2AED0AC-9AFE-416F-8664-AA7FFA26D6FC): 1
LogDevObjectVersion:   Dev-Destruction (174F1F0B-B4C6-45A5-B13F-2EE8D0FB917D): 10
LogDevObjectVersion:   Dev-Physics-Ext (35F94A83-E258-406C-A318-09F59610247C): 41
LogDevObjectVersion:   Dev-PhysicsMaterial-Chaos (B68FC16E-8B1B-42E2-B453-215C058844FE): 1
LogDevObjectVersion:   Dev-CineCamera (B2E18506-4273-CFC2-A54E-F4BB758BBA07): 1
LogDevObjectVersion:   Dev-VirtualProduction (64F58936-FD1B-42BA-BA96-7289D5D0FA4E): 1
LogDevObjectVersion:   Dev-MediaFramework (6F0ED827-A609-4895-9C91-998D90180EA4): 2
LogInit: Presizing for max 25165824 objects, including 0 objects not considered by GC, pre-allocating 0 bytes for permanent pool.
LogConfig: Applying CVar settings from Section [/Script/Engine.StreamingSettings] File [C:/Users/tearx/Documents/GitHub/Infinite-Runner-Unreal/Saved/Config/Windows/Engine.ini]
LogConfig: Setting CVar [[s.MinBulkDataSizeForAsyncLoading:131072]]
LogConfig: Setting CVar [[s.AsyncLoadingThreadEnabled:0]]
LogConfig: Setting CVar [[s.EventDrivenLoaderEnabled:1]]
LogConfig: Setting CVar [[s.WarnIfTimeLimitExceeded:0]]
LogConfig: Setting CVar [[s.TimeLimitExceededMultiplier:1.5]]
LogConfig: Setting CVar [[s.TimeLimitExceededMinTime:0.005]]
LogConfig: Setting CVar [[s.UseBackgroundLevelStreaming:1]]
LogConfig: Setting CVar [[s.PriorityAsyncLoadingExtraTime:15.0]]
LogConfig: Setting CVar [[s.LevelStreamingActorsUpdateTimeLimit:5.0]]
LogConfig: Setting CVar [[s.PriorityLevelStreamingActorsUpdateExtraTime:5.0]]
LogConfig: Setting CVar [[s.LevelStreamingComponentsRegistrationGranularity:10]]
LogConfig: Setting CVar [[s.UnregisterComponentsTimeLimit:1.0]]
LogConfig: Setting CVar [[s.LevelStreamingComponentsUnregistrationGranularity:5]]
LogConfig: Setting CVar [[s.FlushStreamingOnExit:1]]
LogInit: Object subsystem initialized
LogConfig: Setting CVar [[con.DebugEarlyDefault:1]]
LogConfig: Setting CVar [[r.setres:1280x720]]
[2023.03.01-09.28.13:294][  0]LogConfig: Setting CVar [[r.VSync:0]]
[2023.03.01-09.28.13:294][  0]LogConfig: Setting CVar [[r.RHICmdBypass:0]]
[2023.03.01-09.28.13:294][  0]LogConfig: Applying CVar settings from Section [/Script/Engine.RendererSettings] File [C:/Users/tearx/Documents/GitHub/Infinite-Runner-Unreal/Saved/Config/Windows/Engine.ini]
[2023.03.01-09.28.13:295][  0]LogConfig: Setting CVar [[r.GPUCrashDebugging:0]]
[2023.03.01-09.28.13:295][  0]LogConfig: Setting CVar [[r.DefaultFeature.AutoExposure:0]]
[2023.03.01-09.28.13:295][  0]LogConfig: Applying CVar settings from Section [/Script/Engine.RendererOverrideSettings] File [C:/Users/tearx/Documents/GitHub/Infinite-Runner-Unreal/Saved/Config/Windows/Engine.ini]
[2023.03.01-09.28.13:295][  0]LogConfig: Applying CVar settings from Section [/Script/Engine.StreamingSettings] File [C:/Users/tearx/Documents/GitHub/Infinite-Runner-Unreal/Saved/Config/Windows/Engine.ini]
[2023.03.01-09.28.13:295][  0]LogConfig: Setting CVar [[s.MinBulkDataSizeForAsyncLoading:131072]]
[2023.03.01-09.28.13:295][  0]LogConfig: Setting CVar [[s.AsyncLoadingThreadEnabled:0]]
[2023.03.01-09.28.13:295][  0]LogConfig: Setting CVar [[s.EventDrivenLoaderEnabled:1]]
[2023.03.01-09.28.13:295][  0]LogConfig: Setting CVar [[s.WarnIfTimeLimitExceeded:0]]
[2023.03.01-09.28.13:295][  0]LogConfig: Setting CVar [[s.TimeLimitExceededMultiplier:1.5]]
[2023.03.01-09.28.13:295][  0]LogConfig: Setting CVar [[s.TimeLimitExceededMinTime:0.005]]
[2023.03.01-09.28.13:295][  0]LogConfig: Setting CVar [[s.UseBackgroundLevelStreaming:1]]
[2023.03.01-09.28.13:295][  0]LogConfig: Setting CVar [[s.PriorityAsyncLoadingExtraTime:15.0]]
[2023.03.01-09.28.13:295][  0]LogConfig: Setting CVar [[s.LevelStreamingActorsUpdateTimeLimit:5.0]]
[2023.03.01-09.28.13:295][  0]LogConfig: Setting CVar [[s.PriorityLevelStreamingActorsUpdateExtraTime:5.0]]
[2023.03.01-09.28.13:295][  0]LogConfig: Setting CVar [[s.LevelStreamingComponentsRegistrationGranularity:10]]
[2023.03.01-09.28.13:295][  0]LogConfig: Setting CVar [[s.UnregisterComponentsTimeLimit:1.0]]
[2023.03.01-09.28.13:295][  0]LogConfig: Setting CVar [[s.LevelStreamingComponentsUnregistrationGranularity:5]]
[2023.03.01-09.28.13:295][  0]LogConfig: Setting CVar [[s.FlushStreamingOnExit:1]]
[2023.03.01-09.28.13:295][  0]LogConfig: Applying CVar settings from Section [/Script/Engine.GarbageCollectionSettings] File [C:/Users/tearx/Documents/GitHub/Infinite-Runner-Unreal/Saved/Config/Windows/Engine.ini]
[2023.03.01-09.28.13:295][  0]LogConfig: Setting CVar [[gc.MaxObjectsNotConsideredByGC:1]]
[2023.03.01-09.28.13:295][  0]LogConfig: Setting CVar [[gc.SizeOfPermanentObjectPool:0]]
[2023.03.01-09.28.13:295][  0]LogConfig: Setting CVar [[gc.FlushStreamingOnGC:0]]
[2023.03.01-09.28.13:295][  0]LogConfig: Setting CVar [[gc.NumRetriesBeforeForcingGC:10]]
[2023.03.01-09.28.13:295][  0]LogConfig: Setting CVar [[gc.AllowParallelGC:1]]
[2023.03.01-09.28.13:295][  0]LogConfig: Setting CVar [[gc.TimeBetweenPurgingPendingKillObjects:61.1]]
[2023.03.01-09.28.13:295][  0]LogConfig: Setting CVar [[gc.MaxObjectsInEditor:25165824]]
[2023.03.01-09.28.13:295][  0]LogConfig: Setting CVar [[gc.IncrementalBeginDestroyEnabled:1]]
[2023.03.01-09.28.13:295][  0]LogConfig: Setting CVar [[gc.CreateGCClusters:1]]
[2023.03.01-09.28.13:295][  0]LogConfig: Setting CVar [[gc.MinGCClusterSize:5]]
[2023.03.01-09.28.13:295][  0]LogConfig: Setting CVar [[gc.ActorClusteringEnabled:0]]
[2023.03.01-09.28.13:295][  0]LogConfig: Setting CVar [[gc.BlueprintClusteringEnabled:0]]
[2023.03.01-09.28.13:295][  0]LogConfig: Setting CVar [[gc.UseDisregardForGCOnDedicatedServers:0]]
[2023.03.01-09.28.13:295][  0]LogConfig: Setting CVar [[gc.MultithreadedDestructionEnabled:1]]
[2023.03.01-09.28.13:295][  0]LogConfig: Applying CVar settings from Section [/Script/Engine.NetworkSettings] File [C:/Users/tearx/Documents/GitHub/Infinite-Runner-Unreal/Saved/Config/Windows/Engine.ini]
[2023.03.01-09.28.13:295][  0]LogConfig: Applying CVar settings from Section [/Script/UnrealEd.CookerSettings] File [C:/Users/tearx/Documents/GitHub/Infinite-Runner-Unreal/Saved/Config/Windows/Engine.ini]
[2023.03.01-09.28.13:299][  0]LogConfig: Applying CVar settings from Section [ViewDistanceQuality@3] File [C:/Users/tearx/Documents/GitHub/Infinite-Runner-Unreal/Saved/Config/Windows/Scalability.ini]
[2023.03.01-09.28.13:299][  0]LogConfig: Setting CVar [[r.SkeletalMeshLODBias:0]]
[2023.03.01-09.28.13:299][  0]LogConfig: Setting CVar [[r.ViewDistanceScale:1.0]]
[2023.03.01-09.28.13:299][  0]LogConfig: Applying CVar settings from Section [AntiAliasingQuality@3] File [C:/Users/tearx/Documents/GitHub/Infinite-Runner-Unreal/Saved/Config/Windows/Scalability.ini]
[2023.03.01-09.28.13:299][  0]LogConfig: Setting CVar [[r.PostProcessAAQuality:4]]
[2023.03.01-09.28.13:299][  0]LogConfig: Applying CVar settings from Section [ShadowQuality@3] File [C:/Users/tearx/Documents/GitHub/Infinite-Runner-Unreal/Saved/Config/Windows/Scalability.ini]
[2023.03.01-09.28.13:299][  0]LogConfig: Setting CVar [[r.LightFunctionQuality:1]]
[2023.03.01-09.28.13:299][  0]LogConfig: Setting CVar [[r.ShadowQuality:5]]
[2023.03.01-09.28.13:299][  0]LogConfig: Setting CVar [[r.Shadow.CSM.MaxCascades:10]]
[2023.03.01-09.28.13:299][  0]LogConfig: Setting CVar [[r.Shadow.MaxResolution:2048]]
[2023.03.01-09.28.13:299][  0]LogConfig: Setting CVar [[r.Shadow.MaxCSMResolution:2048]]
[2023.03.01-09.28.13:299][  0]LogConfig: Setting CVar [[r.Shadow.RadiusThreshold:0.01]]
[2023.03.01-09.28.13:299][  0]LogConfig: Setting CVar [[r.Shadow.DistanceScale:1.0]]
[2023.03.01-09.28.13:299][  0]LogConfig: Setting CVar [[r.Shadow.CSM.TransitionScale:1.0]]
[2023.03.01-09.28.13:299][  0]LogConfig: Setting CVar [[r.Shadow.PreShadowResolutionFactor:1.0]]
[2023.03.01-09.28.13:299][  0]LogConfig: Setting CVar [[r.DistanceFieldShadowing:1]]
[2023.03.01-09.28.13:299][  0]LogConfig: Setting CVar [[r.DistanceFieldAO:1]]
[2023.03.01-09.28.13:299][  0]LogConfig: Setting CVar [[r.AOQuality:2]]
[2023.03.01-09.28.13:299][  0]LogConfig: Setting CVar [[r.VolumetricFog:1]]
[2023.03.01-09.28.13:299][  0]LogConfig: Setting CVar [[r.VolumetricFog.GridPixelSize:8]]
[2023.03.01-09.28.13:300][  0]LogConfig: Setting CVar [[r.VolumetricFog.GridSizeZ:128]]
[2023.03.01-09.28.13:300][  0]LogConfig: Setting CVar [[r.VolumetricFog.HistoryMissSupersampleCount:4]]
[2023.03.01-09.28.13:300][  0]LogConfig: Setting CVar [[r.LightMaxDrawDistanceScale:1]]
[2023.03.01-09.28.13:300][  0]LogConfig: Setting CVar [[r.CapsuleShadows:1]]
[2023.03.01-09.28.13:300][  0]LogConfig: Applying CVar settings from Section [PostProcessQuality@3] File [C:/Users/tearx/Documents/GitHub/Infinite-Runner-Unreal/Saved/Config/Windows/Scalability.ini]
[2023.03.01-09.28.13:300][  0]LogConfig: Setting CVar [[r.MotionBlurQuality:4]]
[2023.03.01-09.28.13:300][  0]LogConfig: Setting CVar [[r.AmbientOcclusionMipLevelFactor:0.4]]
[2023.03.01-09.28.13:300][  0]LogConfig: Setting CVar [[r.AmbientOcclusionMaxQuality:100]]
[2023.03.01-09.28.13:300][  0]LogConfig: Setting CVar [[r.AmbientOcclusionLevels:-1]]
[2023.03.01-09.28.13:300][  0]LogConfig: Setting CVar [[r.AmbientOcclusionRadiusScale:1.0]]
[2023.03.01-09.28.13:300][  0]LogConfig: Setting CVar [[r.DepthOfFieldQuality:2]]
[2023.03.01-09.28.13:300][  0]LogConfig: Setting CVar [[r.RenderTargetPoolMin:400]]
[2023.03.01-09.28.13:300][  0]LogConfig: Setting CVar [[r.LensFlareQuality:2]]
[2023.03.01-09.28.13:300][  0]LogConfig: Setting CVar [[r.SceneColorFringeQuality:1]]
[2023.03.01-09.28.13:300][  0]LogConfig: Setting CVar [[r.EyeAdaptationQuality:2]]
[2023.03.01-09.28.13:300][  0]LogConfig: Setting CVar [[r.BloomQuality:5]]
[2023.03.01-09.28.13:300][  0]LogConfig: Setting CVar [[r.FastBlurThreshold:100]]
[2023.03.01-09.28.13:300][  0]LogConfig: Setting CVar [[r.Upscale.Quality:3]]
[2023.03.01-09.28.13:300][  0]LogConfig: Setting CVar [[r.Tonemapper.GrainQuantization:1]]
[2023.03.01-09.28.13:300][  0]LogConfig: Setting CVar [[r.LightShaftQuality:1]]
[2023.03.01-09.28.13:300][  0]LogConfig: Setting CVar [[r.Filter.SizeScale:1]]
[2023.03.01-09.28.13:300][  0]LogConfig: Setting CVar [[r.Tonemapper.Quality:5]]
[2023.03.01-09.28.13:300][  0]LogConfig: Setting CVar [[r.DOF.Gather.AccumulatorQuality:1        ; higher gathering accumulator quality]]
[2023.03.01-09.28.13:300][  0]LogConfig: Setting CVar [[r.DOF.Gather.PostfilterMethod:1          ; Median3x3 postfilering method]]
[2023.03.01-09.28.13:300][  0]LogConfig: Setting CVar [[r.DOF.Gather.EnableBokehSettings:0       ; no bokeh simulation when gathering]]
[2023.03.01-09.28.13:300][  0]LogConfig: Setting CVar [[r.DOF.Gather.RingCount:4                 ; medium number of samples when gathering]]
[2023.03.01-09.28.13:300][  0]LogConfig: Setting CVar [[r.DOF.Scatter.ForegroundCompositing:1    ; additive foreground scattering]]
[2023.03.01-09.28.13:300][  0]LogConfig: Setting CVar [[r.DOF.Scatter.BackgroundCompositing:2    ; additive background scattering]]
[2023.03.01-09.28.13:300][  0]LogConfig: Setting CVar [[r.DOF.Scatter.EnableBokehSettings:1      ; bokeh simulation when scattering]]
[2023.03.01-09.28.13:300][  0]LogConfig: Setting CVar [[r.DOF.Scatter.MaxSpriteRatio:0.1         ; only a maximum of 10% of scattered bokeh]]
[2023.03.01-09.28.13:300][  0]LogConfig: Setting CVar [[r.DOF.Recombine.Quality:1                ; cheap slight out of focus]]
[2023.03.01-09.28.13:300][  0]LogConfig: Setting CVar [[r.DOF.Recombine.EnableBokehSettings:0    ; no bokeh simulation on slight out of focus]]
[2023.03.01-09.28.13:300][  0]LogConfig: Setting CVar [[r.DOF.TemporalAAQuality:1                ; more stable temporal accumulation]]
[2023.03.01-09.28.13:300][  0]LogConfig: Setting CVar [[r.DOF.Kernel.MaxForegroundRadius:0.025]]
[2023.03.01-09.28.13:300][  0]LogConfig: Setting CVar [[r.DOF.Kernel.MaxBackgroundRadius:0.025]]
[2023.03.01-09.28.13:300][  0]LogConfig: Applying CVar settings from Section [TextureQuality@3] File [C:/Users/tearx/Documents/GitHub/Infinite-Runner-Unreal/Saved/Config/Windows/Scalability.ini]
[2023.03.01-09.28.13:300][  0]LogConfig: Setting CVar [[r.Streaming.MipBias:0]]
[2023.03.01-09.28.13:300][  0]LogConfig: Setting CVar [[r.Streaming.AmortizeCPUToGPUCopy:0]]
[2023.03.01-09.28.13:300][  0]LogConfig: Setting CVar [[r.Streaming.MaxNumTexturesToStreamPerFrame:0]]
[2023.03.01-09.28.13:300][  0]LogConfig: Setting CVar [[r.Streaming.Boost:1]]
[2023.03.01-09.28.13:300][  0]LogConfig: Setting CVar [[r.MaxAnisotropy:8]]
[2023.03.01-09.28.13:300][  0]LogConfig: Setting CVar [[r.VT.MaxAnisotropy:8]]
[2023.03.01-09.28.13:300][  0]LogConfig: Setting CVar [[r.Streaming.LimitPoolSizeToVRAM:0]]
[2023.03.01-09.28.13:300][  0]LogConfig: Setting CVar [[r.Streaming.PoolSize:1000]]
[2023.03.01-09.28.13:300][  0]LogConfig: Setting CVar [[r.Streaming.MaxEffectiveScreenSize:0]]
[2023.03.01-09.28.13:300][  0]LogConfig: Applying CVar settings from Section [EffectsQuality@3] File [C:/Users/tearx/Documents/GitHub/Infinite-Runner-Unreal/Saved/Config/Windows/Scalability.ini]
[2023.03.01-09.28.13:300][  0]LogConfig: Setting CVar [[r.TranslucencyLightingVolumeDim:64]]
[2023.03.01-09.28.13:300][  0]LogConfig: Setting CVar [[r.RefractionQuality:2]]
[2023.03.01-09.28.13:300][  0]LogConfig: Setting CVar [[r.SSR.Quality:3]]
[2023.03.01-09.28.13:300][  0]LogConfig: Setting CVar [[r.SSR.HalfResSceneColor:0]]
[2023.03.01-09.28.13:300][  0]LogConfig: Setting CVar [[r.SceneColorFormat:4]]
[2023.03.01-09.28.13:300][  0]LogConfig: Setting CVar [[r.DetailMode:2]]
[2023.03.01-09.28.13:300][  0]LogConfig: Setting CVar [[r.TranslucencyVolumeBlur:1]]
[2023.03.01-09.28.13:300][  0]LogConfig: Setting CVar [[r.MaterialQualityLevel:1 ; High quality]]
[2023.03.01-09.28.13:300][  0]LogConfig: Setting CVar [[r.AnisotropicMaterials:1]]
[2023.03.01-09.28.13:300][  0]LogConfig: Setting CVar [[r.SSS.Scale:1]]
[2023.03.01-09.28.13:300][  0]LogConfig: Setting CVar [[r.SSS.SampleSet:2]]
[2023.03.01-09.28.13:300][  0]LogConfig: Setting CVar [[r.SSS.Quality:1]]
[2023.03.01-09.28.13:300][  0]LogConfig: Setting CVar [[r.SSS.HalfRes:0]]
[2023.03.01-09.28.13:300][  0]LogConfig: Setting CVar [[r.SSGI.Quality:3]]
[2023.03.01-09.28.13:300][  0]LogConfig: Setting CVar [[r.EmitterSpawnRateScale:1.0]]
[2023.03.01-09.28.13:300][  0]LogConfig: Setting CVar [[r.ParticleLightQuality:2]]
[2023.03.01-09.28.13:300][  0]LogConfig: Setting CVar [[r.SkyAtmosphere.AerialPerspectiveLUT.FastApplyOnOpaque:1 ; Always have FastSkyLUT 1 in this case to avoid wrong sky]]
[2023.03.01-09.28.13:300][  0]LogConfig: Setting CVar [[r.SkyAtmosphere.AerialPerspectiveLUT.SampleCountMaxPerSlice:4]]
[2023.03.01-09.28.13:300][  0]LogConfig: Setting CVar [[r.SkyAtmosphere.AerialPerspectiveLUT.DepthResolution:16.0]]
[2023.03.01-09.28.13:300][  0]LogConfig: Setting CVar [[r.SkyAtmosphere.FastSkyLUT:1]]
[2023.03.01-09.28.13:300][  0]LogConfig: Setting CVar [[r.SkyAtmosphere.FastSkyLUT.SampleCountMin:4.0]]
[2023.03.01-09.28.13:300][  0]LogConfig: Setting CVar [[r.SkyAtmosphere.FastSkyLUT.SampleCountMax:128.0]]
[2023.03.01-09.28.13:300][  0]LogConfig: Setting CVar [[r.SkyAtmosphere.SampleCountMin:4.0]]
[2023.03.01-09.28.13:300][  0]LogConfig: Setting CVar [[r.SkyAtmosphere.SampleCountMax:128.0]]
[2023.03.01-09.28.13:300][  0]LogConfig: Setting CVar [[r.SkyAtmosphere.TransmittanceLUT.UseSmallFormat:0]]
[2023.03.01-09.28.13:300][  0]LogConfig: Setting CVar [[r.SkyAtmosphere.TransmittanceLUT.SampleCount:10.0]]
[2023.03.01-09.28.13:300][  0]LogConfig: Setting CVar [[r.SkyAtmosphere.MultiScatteringLUT.SampleCount:15.0]]
[2023.03.01-09.28.13:300][  0]LogConfig: Setting CVar [[r.SkyLight.RealTimeReflectionCapture:1]]
[2023.03.01-09.28.13:300][  0]LogConfig: Applying CVar settings from Section [FoliageQuality@3] File [C:/Users/tearx/Documents/GitHub/Infinite-Runner-Unreal/Saved/Config/Windows/Scalability.ini]
[2023.03.01-09.28.13:300][  0]LogConfig: Setting CVar [[foliage.DensityScale:1.0]]
[2023.03.01-09.28.13:300][  0]LogConfig: Setting CVar [[grass.DensityScale:1.0]]
[2023.03.01-09.28.13:300][  0]LogConfig: Applying CVar settings from Section [ShadingQuality@3] File [C:/Users/tearx/Documents/GitHub/Infinite-Runner-Unreal/Saved/Config/Windows/Scalability.ini]
[2023.03.01-09.28.13:300][  0]LogConfig: Setting CVar [[r.HairStrands.SkyLighting.IntegrationType:2]]
[2023.03.01-09.28.13:300][  0]LogConfig: Setting CVar [[r.HairStrands.SkyAO.SampleCount:4]]
[2023.03.01-09.28.13:300][  0]LogConfig: Setting CVar [[r.HairStrands.Visibility.MSAA.SamplePerPixel:4]]
[2023.03.01-09.28.13:300][  0]LogInit: Selected Device Profile: [Windows]
[2023.03.01-09.28.13:300][  0]LogInit: Applying CVar settings loaded from the selected device profile: [Windows]
[2023.03.01-09.28.13:300][  0]LogHAL: Display: Platform has ~ 16 GB [16474378240 / 17179869184 / 16], which maps to Larger [LargestMinGB=32, LargerMinGB=12, DefaultMinGB=8, SmallerMinGB=6, SmallestMinGB=0)
[2023.03.01-09.28.13:300][  0]LogInit: Going up to parent DeviceProfile []
[2023.03.01-09.28.13:300][  0]LogConfig: Applying CVar settings from Section [ViewDistanceQuality@3] File [C:/Users/tearx/Documents/GitHub/Infinite-Runner-Unreal/Saved/Config/Windows/Scalability.ini]
[2023.03.01-09.28.13:300][  0]LogConfig: Setting CVar [[r.SkeletalMeshLODBias:0]]
[2023.03.01-09.28.13:300][  0]LogConfig: Setting CVar [[r.ViewDistanceScale:1.0]]
[2023.03.01-09.28.13:300][  0]LogConfig: Applying CVar settings from Section [AntiAliasingQuality@3] File [C:/Users/tearx/Documents/GitHub/Infinite-Runner-Unreal/Saved/Config/Windows/Scalability.ini]
[2023.03.01-09.28.13:300][  0]LogConfig: Setting CVar [[r.PostProcessAAQuality:4]]
[2023.03.01-09.28.13:300][  0]LogConfig: Applying CVar settings from Section [ShadowQuality@3] File [C:/Users/tearx/Documents/GitHub/Infinite-Runner-Unreal/Saved/Config/Windows/Scalability.ini]
[2023.03.01-09.28.13:300][  0]LogConfig: Setting CVar [[r.LightFunctionQuality:1]]
[2023.03.01-09.28.13:300][  0]LogConfig: Setting CVar [[r.ShadowQuality:5]]
[2023.03.01-09.28.13:300][  0]LogConfig: Setting CVar [[r.Shadow.CSM.MaxCascades:10]]
[2023.03.01-09.28.13:300][  0]LogConfig: Setting CVar [[r.Shadow.MaxResolution:2048]]
[2023.03.01-09.28.13:300][  0]LogConfig: Setting CVar [[r.Shadow.MaxCSMResolution:2048]]
[2023.03.01-09.28.13:300][  0]LogConfig: Setting CVar [[r.Shadow.RadiusThreshold:0.01]]
[2023.03.01-09.28.13:300][  0]LogConfig: Setting CVar [[r.Shadow.DistanceScale:1.0]]
[2023.03.01-09.28.13:300][  0]LogConfig: Setting CVar [[r.Shadow.CSM.TransitionScale:1.0]]
[2023.03.01-09.28.13:300][  0]LogConfig: Setting CVar [[r.Shadow.PreShadowResolutionFactor:1.0]]
[2023.03.01-09.28.13:300][  0]LogConfig: Setting CVar [[r.DistanceFieldShadowing:1]]
[2023.03.01-09.28.13:300][  0]LogConfig: Setting CVar [[r.DistanceFieldAO:1]]
[2023.03.01-09.28.13:300][  0]LogConfig: Setting CVar [[r.AOQuality:2]]
[2023.03.01-09.28.13:300][  0]LogConfig: Setting CVar [[r.VolumetricFog:1]]
[2023.03.01-09.28.13:300][  0]LogConfig: Setting CVar [[r.VolumetricFog.GridPixelSize:8]]
[2023.03.01-09.28.13:300][  0]LogConfig: Setting CVar [[r.VolumetricFog.GridSizeZ:128]]
[2023.03.01-09.28.13:301][  0]LogConfig: Setting CVar [[r.VolumetricFog.HistoryMissSupersampleCount:4]]
[2023.03.01-09.28.13:301][  0]LogConfig: Setting CVar [[r.LightMaxDrawDistanceScale:1]]
[2023.03.01-09.28.13:301][  0]LogConfig: Setting CVar [[r.CapsuleShadows:1]]
[2023.03.01-09.28.13:301][  0]LogConfig: Applying CVar settings from Section [PostProcessQuality@3] File [C:/Users/tearx/Documents/GitHub/Infinite-Runner-Unreal/Saved/Config/Windows/Scalability.ini]
[2023.03.01-09.28.13:301][  0]LogConfig: Setting CVar [[r.MotionBlurQuality:4]]
[2023.03.01-09.28.13:301][  0]LogConfig: Setting CVar [[r.AmbientOcclusionMipLevelFactor:0.4]]
[2023.03.01-09.28.13:301][  0]LogConfig: Setting CVar [[r.AmbientOcclusionMaxQuality:100]]
[2023.03.01-09.28.13:301][  0]LogConfig: Setting CVar [[r.AmbientOcclusionLevels:-1]]
[2023.03.01-09.28.13:301][  0]LogConfig: Setting CVar [[r.AmbientOcclusionRadiusScale:1.0]]
[2023.03.01-09.28.13:301][  0]LogConfig: Setting CVar [[r.DepthOfFieldQuality:2]]
[2023.03.01-09.28.13:301][  0]LogConfig: Setting CVar [[r.RenderTargetPoolMin:400]]
[2023.03.01-09.28.13:301][  0]LogConfig: Setting CVar [[r.LensFlareQuality:2]]
[2023.03.01-09.28.13:301][  0]LogConfig: Setting CVar [[r.SceneColorFringeQuality:1]]
[2023.03.01-09.28.13:301][  0]LogConfig: Setting CVar [[r.EyeAdaptationQuality:2]]
[2023.03.01-09.28.13:301][  0]LogConfig: Setting CVar [[r.BloomQuality:5]]
[2023.03.01-09.28.13:301][  0]LogConfig: Setting CVar [[r.FastBlurThreshold:100]]
[2023.03.01-09.28.13:301][  0]LogConfig: Setting CVar [[r.Upscale.Quality:3]]
[2023.03.01-09.28.13:301][  0]LogConfig: Setting CVar [[r.Tonemapper.GrainQuantization:1]]
[2023.03.01-09.28.13:301][  0]LogConfig: Setting CVar [[r.LightShaftQuality:1]]
[2023.03.01-09.28.13:301][  0]LogConfig: Setting CVar [[r.Filter.SizeScale:1]]
[2023.03.01-09.28.13:301][  0]LogConfig: Setting CVar [[r.Tonemapper.Quality:5]]
[2023.03.01-09.28.13:301][  0]LogConfig: Setting CVar [[r.DOF.Gather.AccumulatorQuality:1        ; higher gathering accumulator quality]]
[2023.03.01-09.28.13:301][  0]LogConfig: Setting CVar [[r.DOF.Gather.PostfilterMethod:1          ; Median3x3 postfilering method]]
[2023.03.01-09.28.13:301][  0]LogConfig: Setting CVar [[r.DOF.Gather.EnableBokehSettings:0       ; no bokeh simulation when gathering]]
[2023.03.01-09.28.13:301][  0]LogConfig: Setting CVar [[r.DOF.Gather.RingCount:4                 ; medium number of samples when gathering]]
[2023.03.01-09.28.13:301][  0]LogConfig: Setting CVar [[r.DOF.Scatter.ForegroundCompositing:1    ; additive foreground scattering]]
[2023.03.01-09.28.13:301][  0]LogConfig: Setting CVar [[r.DOF.Scatter.BackgroundCompositing:2    ; additive background scattering]]
[2023.03.01-09.28.13:301][  0]LogConfig: Setting CVar [[r.DOF.Scatter.EnableBokehSettings:1      ; bokeh simulation when scattering]]
[2023.03.01-09.28.13:301][  0]LogConfig: Setting CVar [[r.DOF.Scatter.MaxSpriteRatio:0.1         ; only a maximum of 10% of scattered bokeh]]
[2023.03.01-09.28.13:301][  0]LogConfig: Setting CVar [[r.DOF.Recombine.Quality:1                ; cheap slight out of focus]]
[2023.03.01-09.28.13:301][  0]LogConfig: Setting CVar [[r.DOF.Recombine.EnableBokehSettings:0    ; no bokeh simulation on slight out of focus]]
[2023.03.01-09.28.13:301][  0]LogConfig: Setting CVar [[r.DOF.TemporalAAQuality:1                ; more stable temporal accumulation]]
[2023.03.01-09.28.13:301][  0]LogConfig: Setting CVar [[r.DOF.Kernel.MaxForegroundRadius:0.025]]
[2023.03.01-09.28.13:301][  0]LogConfig: Setting CVar [[r.DOF.Kernel.MaxBackgroundRadius:0.025]]
[2023.03.01-09.28.13:301][  0]LogConfig: Applying CVar settings from Section [TextureQuality@3] File [C:/Users/tearx/Documents/GitHub/Infinite-Runner-Unreal/Saved/Config/Windows/Scalability.ini]
[2023.03.01-09.28.13:301][  0]LogConfig: Setting CVar [[r.Streaming.MipBias:0]]
[2023.03.01-09.28.13:301][  0]LogConfig: Setting CVar [[r.Streaming.AmortizeCPUToGPUCopy:0]]
[2023.03.01-09.28.13:301][  0]LogConfig: Setting CVar [[r.Streaming.MaxNumTexturesToStreamPerFrame:0]]
[2023.03.01-09.28.13:301][  0]LogConfig: Setting CVar [[r.Streaming.Boost:1]]
[2023.03.01-09.28.13:301][  0]LogConfig: Setting CVar [[r.MaxAnisotropy:8]]
[2023.03.01-09.28.13:301][  0]LogConfig: Setting CVar [[r.VT.MaxAnisotropy:8]]
[2023.03.01-09.28.13:301][  0]LogConfig: Setting CVar [[r.Streaming.LimitPoolSizeToVRAM:0]]
[2023.03.01-09.28.13:301][  0]LogConfig: Setting CVar [[r.Streaming.PoolSize:1000]]
[2023.03.01-09.28.13:301][  0]LogConfig: Setting CVar [[r.Streaming.MaxEffectiveScreenSize:0]]
[2023.03.01-09.28.13:301][  0]LogConfig: Applying CVar settings from Section [EffectsQuality@3] File [C:/Users/tearx/Documents/GitHub/Infinite-Runner-Unreal/Saved/Config/Windows/Scalability.ini]
[2023.03.01-09.28.13:301][  0]LogConfig: Setting CVar [[r.TranslucencyLightingVolumeDim:64]]
[2023.03.01-09.28.13:301][  0]LogConfig: Setting CVar [[r.RefractionQuality:2]]
[2023.03.01-09.28.13:301][  0]LogConfig: Setting CVar [[r.SSR.Quality:3]]
[2023.03.01-09.28.13:301][  0]LogConfig: Setting CVar [[r.SSR.HalfResSceneColor:0]]
[2023.03.01-09.28.13:301][  0]LogConfig: Setting CVar [[r.SceneColorFormat:4]]
[2023.03.01-09.28.13:301][  0]LogConfig: Setting CVar [[r.DetailMode:2]]
[2023.03.01-09.28.13:301][  0]LogConfig: Setting CVar [[r.TranslucencyVolumeBlur:1]]
[2023.03.01-09.28.13:301][  0]LogConfig: Setting CVar [[r.MaterialQualityLevel:1 ; High quality]]
[2023.03.01-09.28.13:301][  0]LogConfig: Setting CVar [[r.AnisotropicMaterials:1]]
[2023.03.01-09.28.13:301][  0]LogConfig: Setting CVar [[r.SSS.Scale:1]]
[2023.03.01-09.28.13:301][  0]LogConfig: Setting CVar [[r.SSS.SampleSet:2]]
[2023.03.01-09.28.13:301][  0]LogConfig: Setting CVar [[r.SSS.Quality:1]]
[2023.03.01-09.28.13:301][  0]LogConfig: Setting CVar [[r.SSS.HalfRes:0]]
[2023.03.01-09.28.13:301][  0]LogConfig: Setting CVar [[r.SSGI.Quality:3]]
[2023.03.01-09.28.13:301][  0]LogConfig: Setting CVar [[r.EmitterSpawnRateScale:1.0]]
[2023.03.01-09.28.13:301][  0]LogConfig: Setting CVar [[r.ParticleLightQuality:2]]
[2023.03.01-09.28.13:301][  0]LogConfig: Setting CVar [[r.SkyAtmosphere.AerialPerspectiveLUT.FastApplyOnOpaque:1 ; Always have FastSkyLUT 1 in this case to avoid wrong sky]]
[2023.03.01-09.28.13:301][  0]LogConfig: Setting CVar [[r.SkyAtmosphere.AerialPerspectiveLUT.SampleCountMaxPerSlice:4]]
[2023.03.01-09.28.13:301][  0]LogConfig: Setting CVar [[r.SkyAtmosphere.AerialPerspectiveLUT.DepthResolution:16.0]]
[2023.03.01-09.28.13:301][  0]LogConfig: Setting CVar [[r.SkyAtmosphere.FastSkyLUT:1]]
[2023.03.01-09.28.13:301][  0]LogConfig: Setting CVar [[r.SkyAtmosphere.FastSkyLUT.SampleCountMin:4.0]]
[2023.03.01-09.28.13:301][  0]LogConfig: Setting CVar [[r.SkyAtmosphere.FastSkyLUT.SampleCountMax:128.0]]
[2023.03.01-09.28.13:301][  0]LogConfig: Setting CVar [[r.SkyAtmosphere.SampleCountMin:4.0]]
[2023.03.01-09.28.13:301][  0]LogConfig: Setting CVar [[r.SkyAtmosphere.SampleCountMax:128.0]]
[2023.03.01-09.28.13:301][  0]LogConfig: Setting CVar [[r.SkyAtmosphere.TransmittanceLUT.UseSmallFormat:0]]
[2023.03.01-09.28.13:301][  0]LogConfig: Setting CVar [[r.SkyAtmosphere.TransmittanceLUT.SampleCount:10.0]]
[2023.03.01-09.28.13:301][  0]LogConfig: Setting CVar [[r.SkyAtmosphere.MultiScatteringLUT.SampleCount:15.0]]
[2023.03.01-09.28.13:301][  0]LogConfig: Setting CVar [[r.SkyLight.RealTimeReflectionCapture:1]]
[2023.03.01-09.28.13:301][  0]LogConfig: Applying CVar settings from Section [FoliageQuality@3] File [C:/Users/tearx/Documents/GitHub/Infinite-Runner-Unreal/Saved/Config/Windows/Scalability.ini]
[2023.03.01-09.28.13:301][  0]LogConfig: Setting CVar [[foliage.DensityScale:1.0]]
[2023.03.01-09.28.13:301][  0]LogConfig: Setting CVar [[grass.DensityScale:1.0]]
[2023.03.01-09.28.13:301][  0]LogConfig: Applying CVar settings from Section [ShadingQuality@3] File [C:/Users/tearx/Documents/GitHub/Infinite-Runner-Unreal/Saved/Config/Windows/Scalability.ini]
[2023.03.01-09.28.13:301][  0]LogConfig: Setting CVar [[r.HairStrands.SkyLighting.IntegrationType:2]]
[2023.03.01-09.28.13:301][  0]LogConfig: Setting CVar [[r.HairStrands.SkyAO.SampleCount:4]]
[2023.03.01-09.28.13:301][  0]LogConfig: Setting CVar [[r.HairStrands.Visibility.MSAA.SamplePerPixel:4]]
[2023.03.01-09.28.13:301][  0]LogConfig: Applying CVar settings from Section [Startup] File [../../../Engine/Config/ConsoleVariables.ini]
[2023.03.01-09.28.13:301][  0]LogConfig: Setting CVar [[net.UseAdaptiveNetUpdateFrequency:0]]
[2023.03.01-09.28.13:301][  0]LogConfig: Setting CVar [[p.chaos.AllowCreatePhysxBodies:1]]
[2023.03.01-09.28.13:301][  0]LogConfig: Setting CVar [[fx.SkipVectorVMBackendOptimizations:1]]
[2023.03.01-09.28.13:301][  0]LogConfig: Applying CVar settings from Section [ConsoleVariables] File [C:/Users/tearx/Documents/GitHub/Infinite-Runner-Unreal/Saved/Config/Windows/Engine.ini]
[2023.03.01-09.28.13:301][  0]LogConfig: Applying CVar settings from Section [ConsoleVariables] File [C:/Users/tearx/Documents/GitHub/Infinite-Runner-Unreal/Saved/Config/Windows/Editor.ini]
[2023.03.01-09.28.13:302][  0]LogInit: Computer: DESKTOP-GQPIGU5
[2023.03.01-09.28.13:302][  0]LogInit: User: tearx
[2023.03.01-09.28.13:302][  0]LogInit: CPU Page size=4096, Cores=8
[2023.03.01-09.28.13:302][  0]LogInit: High frequency timer resolution =10.000000 MHz
[2023.03.01-09.28.13:302][  0]LogMemory: Memory total: Physical=15.3GB (16GB approx)
[2023.03.01-09.28.13:302][  0]LogMemory: Platform Memory Stats for Windows
[2023.03.01-09.28.13:302][  0]LogMemory: Process Physical Memory: 152.83 MB used, 155.79 MB peak
[2023.03.01-09.28.13:302][  0]LogMemory: Process Virtual Memory: 135.50 MB used, 135.50 MB peak
[2023.03.01-09.28.13:302][  0]LogMemory: Physical Memory: 8471.79 MB used,  7239.41 MB free, 15711.19 MB total
[2023.03.01-09.28.13:302][  0]LogMemory: Virtual Memory: 134198528.00 MB used,  19198.51 MB free, 134217728.00 MB total
[2023.03.01-09.28.13:306][  0]LogWindows: WindowsPlatformFeatures enabled
[2023.03.01-09.28.13:324][  0]LogInit: Physics initialised using underlying interface: PhysX
[2023.03.01-09.28.13:324][  0]LogInit: Using OS detected language (en-GB).
[2023.03.01-09.28.13:324][  0]LogInit: Using OS detected locale (en-GB).
[2023.03.01-09.28.13:328][  0]LogTextLocalizationManager: No specific localization for 'en-GB' exists, so the 'en' localization will be used.
[2023.03.01-09.28.13:566][  0]LogInit: Setting process to per monitor DPI aware
[2023.03.01-09.28.13:574][  0]LogWindowsTextInputMethodSystem: Display: IME system deactivated.
[2023.03.01-09.28.13:583][  0]LogSlate: New Slate User Created.  User Index 0, Is Virtual User: 0
[2023.03.01-09.28.13:583][  0]LogSlate: Slate User Registered.  User Index 0, Is Virtual User: 0
[2023.03.01-09.28.13:666][  0]LogD3D11RHI: Loaded GFSDK_Aftermath_Lib.x64.dll
[2023.03.01-09.28.13:675][  0]LogHMD: Failed to initialize OpenVR with code 110
[2023.03.01-09.28.13:675][  0]LogD3D11RHI: D3D11 min allowed feature level: 11_0
[2023.03.01-09.28.13:675][  0]LogD3D11RHI: D3D11 max allowed feature level: 11_0
[2023.03.01-09.28.13:675][  0]LogD3D11RHI: D3D11 adapters:
[2023.03.01-09.28.13:838][  0]LogD3D11RHI:    0. 'AMD Radeon RX 6600M' (Feature Level 11_0)
[2023.03.01-09.28.13:838][  0]LogD3D11RHI:       8146/0/7855 MB DedicatedVideo/DedicatedSystem/SharedSystem, Outputs:1, VendorId:0x1002
[2023.03.01-09.28.13:889][  0]LogD3D11RHI:    1. 'AMD Radeon(TM) Graphics' (Feature Level 11_0)
[2023.03.01-09.28.13:890][  0]LogD3D11RHI:       495/0/7855 MB DedicatedVideo/DedicatedSystem/SharedSystem, Outputs:0, VendorId:0x1002
[2023.03.01-09.28.13:891][  0]LogD3D11RHI:    2. 'Microsoft Basic Render Driver' (Feature Level 11_0)
[2023.03.01-09.28.13:891][  0]LogD3D11RHI:       0/0/7855 MB DedicatedVideo/DedicatedSystem/SharedSystem, Outputs:0, VendorId:0x1414
[2023.03.01-09.28.13:892][  0]LogD3D11RHI: Chosen D3D11 Adapter:
[2023.03.01-09.28.13:892][  0]LogD3D11RHI:     Description : AMD Radeon RX 6600M
[2023.03.01-09.28.13:892][  0]LogD3D11RHI:     VendorId    : 1002
[2023.03.01-09.28.13:892][  0]LogD3D11RHI:     DeviceId    : 73ff
[2023.03.01-09.28.13:892][  0]LogD3D11RHI:     SubSysId    : 8902103c
[2023.03.01-09.28.13:892][  0]LogD3D11RHI:     Revision    : 00c3
[2023.03.01-09.28.13:892][  0]LogD3D11RHI:     DedicatedVideoMemory : 8542531584 bytes
[2023.03.01-09.28.13:892][  0]LogD3D11RHI:     DedicatedSystemMemory : 0 bytes
[2023.03.01-09.28.13:892][  0]LogD3D11RHI:     SharedSystemMemory : 8237189120 bytes
[2023.03.01-09.28.13:892][  0]LogD3D11RHI:     AdapterLuid : 0 83229
[2023.03.01-09.28.13:900][  0]LogD3D11RHI: Creating new Direct3DDevice
[2023.03.01-09.28.13:900][  0]LogD3D11RHI:     GPU DeviceId: 0x73ff (for the marketing name, search the web for "GPU Device Id")
[2023.03.01-09.28.13:900][  0]LogWindows: EnumDisplayDevices:
[2023.03.01-09.28.13:900][  0]LogWindows:    0. 'AMD Radeon(TM) Graphics' (P:1 D:1)
[2023.03.01-09.28.13:900][  0]LogWindows:    1. 'AMD Radeon(TM) Graphics' (P:0 D:0)
[2023.03.01-09.28.13:900][  0]LogWindows:    2. 'AMD Radeon(TM) Graphics' (P:0 D:0)
[2023.03.01-09.28.13:900][  0]LogWindows:    3. 'AMD Radeon(TM) Graphics' (P:0 D:0)
[2023.03.01-09.28.13:901][  0]LogWindows:    4. 'AMD Radeon(TM) Graphics' (P:0 D:0)
[2023.03.01-09.28.13:901][  0]LogWindows:    5. 'AMD Radeon RX 6600M' (P:0 D:0)
[2023.03.01-09.28.13:901][  0]LogWindows:    6. 'AMD Radeon RX 6600M' (P:0 D:0)
[2023.03.01-09.28.13:901][  0]LogWindows:    7. 'AMD Radeon RX 6600M' (P:0 D:0)
[2023.03.01-09.28.13:901][  0]LogWindows:    8. 'AMD Radeon RX 6600M' (P:0 D:0)
[2023.03.01-09.28.13:902][  0]LogWindows:    9. 'AMD Radeon RX 6600M' (P:0 D:0)
[2023.03.01-09.28.13:902][  0]LogWindows:    10. 'AMD Radeon RX 6600M' (P:0 D:0)
[2023.03.01-09.28.13:902][  0]LogWindows: DebugString: PrimaryIsNotTheChoosenAdapter PrimaryIsNotTheChoosenAdapter PrimaryIsNotTheChoosenAdapter PrimaryIsNotTheChoosenAdapter PrimaryIsNotTheChoosenAdapter FoundDriverCount:6 
[2023.03.01-09.28.13:902][  0]LogD3D11RHI:     Adapter Name: AMD Radeon RX 6600M
[2023.03.01-09.28.13:902][  0]LogD3D11RHI:   Driver Version: AMD Software: Adrenalin Edition 22.11.2 (internal:31.0.12029.10015, unified:31.0.12029.10015)
[2023.03.01-09.28.13:902][  0]LogD3D11RHI:      Driver Date: 11-30-2022
[2023.03.01-09.28.13:902][  0]LogRHI: Texture pool is 5165 MB (70% of 7378 MB)
[2023.03.01-09.28.13:930][  0]LogD3D11RHI: Creating D3DDevice with AMD AGS, using adapter:
[2023.03.01-09.28.13:930][  0]LogD3D11RHI:     Description : AMD Radeon RX 6600M
[2023.03.01-09.28.13:930][  0]LogD3D11RHI:     VendorId    : 1002
[2023.03.01-09.28.13:930][  0]LogD3D11RHI:     DeviceId    : 73ff
[2023.03.01-09.28.13:930][  0]LogD3D11RHI:     SubSysId    : 8902103c
[2023.03.01-09.28.13:930][  0]LogD3D11RHI:     Revision    : 00c3
[2023.03.01-09.28.13:930][  0]LogD3D11RHI:     DedicatedVideoMemory : 8542531584 bytes
[2023.03.01-09.28.13:930][  0]LogD3D11RHI:     DedicatedSystemMemory : 0 bytes
[2023.03.01-09.28.13:930][  0]LogD3D11RHI:     SharedSystemMemory : 8237189120 bytes
[2023.03.01-09.28.13:930][  0]LogD3D11RHI:     AdapterLuid : 0 83229
[2023.03.01-09.28.14:021][  0]LogD3D11RHI: Created device via AGS, feature level 11_0, supported extensions 1fffffbf.
[2023.03.01-09.28.14:021][  0]LogD3D11RHI: RHI has support for 64 bit atomics
[2023.03.01-09.28.14:021][  0]LogD3D11RHI: Async texture creation enabled
[2023.03.01-09.28.14:021][  0]LogD3D11RHI: Array index from any shader is supported
[2023.03.01-09.28.14:033][  0]LogD3D11RHI: GPU Timing Frequency: 100.000000 (Debug: 2 1)
[2023.03.01-09.28.14:285][  0]LogTargetPlatformManager: Display: Loaded TargetPlatform 'AllDesktop'
[2023.03.01-09.28.14:306][  0]LogTargetPlatformManager: Display: Loaded TargetPlatform 'Android'
[2023.03.01-09.28.14:306][  0]LogTargetPlatformManager: Display: Loaded TargetPlatform 'Android_ASTC'
[2023.03.01-09.28.14:306][  0]LogTargetPlatformManager: Display: Loaded TargetPlatform 'Android_DXT'
[2023.03.01-09.28.14:306][  0]LogTargetPlatformManager: Display: Loaded TargetPlatform 'Android_ETC2'
[2023.03.01-09.28.14:306][  0]LogTargetPlatformManager: Display: Loaded TargetPlatform 'AndroidClient'
[2023.03.01-09.28.14:306][  0]LogTargetPlatformManager: Display: Loaded TargetPlatform 'Android_ASTCClient'
[2023.03.01-09.28.14:306][  0]LogTargetPlatformManager: Display: Loaded TargetPlatform 'Android_DXTClient'
[2023.03.01-09.28.14:306][  0]LogTargetPlatformManager: Display: Loaded TargetPlatform 'Android_ETC2Client'
[2023.03.01-09.28.14:306][  0]LogTargetPlatformManager: Display: Loaded TargetPlatform 'Android_Multi'
[2023.03.01-09.28.14:306][  0]LogTargetPlatformManager: Display: Loaded TargetPlatform 'Android_MultiClient'
[2023.03.01-09.28.14:322][  0]LogTargetPlatformManager: Display: Loaded TargetPlatform 'IOSClient'
[2023.03.01-09.28.14:322][  0]LogTargetPlatformManager: Display: Loaded TargetPlatform 'IOS'
[2023.03.01-09.28.14:330][  0]LogTargetPlatformManager: Display: Loaded TargetPlatform 'Linux'
[2023.03.01-09.28.14:335][  0]LogTargetPlatformManager: Display: Loaded TargetPlatform 'LinuxNoEditor'
[2023.03.01-09.28.14:340][  0]LogTargetPlatformManager: Display: Loaded TargetPlatform 'LinuxClient'
[2023.03.01-09.28.14:344][  0]LogTargetPlatformManager: Display: Loaded TargetPlatform 'LinuxServer'
[2023.03.01-09.28.14:352][  0]LogTargetPlatformManager: Display: Loaded TargetPlatform 'LinuxAArch64NoEditor'
[2023.03.01-09.28.14:357][  0]LogTargetPlatformManager: Display: Loaded TargetPlatform 'LinuxAArch64Client'
[2023.03.01-09.28.14:364][  0]LogTargetPlatformManager: Display: Loaded TargetPlatform 'LinuxAArch64Server'
[2023.03.01-09.28.14:388][  0]LogTargetPlatformManager: Display: Loaded TargetPlatform 'Lumin'
[2023.03.01-09.28.14:388][  0]LogTargetPlatformManager: Display: Loaded TargetPlatform 'LuminClient'
[2023.03.01-09.28.14:399][  0]LogTargetPlatformManager: Display: Loaded TargetPlatform 'MacNoEditor'
[2023.03.01-09.28.14:405][  0]LogTargetPlatformManager: Display: Loaded TargetPlatform 'Mac'
[2023.03.01-09.28.14:410][  0]LogTargetPlatformManager: Display: Loaded TargetPlatform 'MacClient'
[2023.03.01-09.28.14:414][  0]LogTargetPlatformManager: Display: Loaded TargetPlatform 'MacServer'
[2023.03.01-09.28.14:423][  0]LogTargetPlatformManager: Display: Loaded TargetPlatform 'TVOSClient'
[2023.03.01-09.28.14:423][  0]LogTargetPlatformManager: Display: Loaded TargetPlatform 'TVOS'
[2023.03.01-09.28.14:431][  0]LogTargetPlatformManager: Display: Loaded TargetPlatform 'WindowsNoEditor'
[2023.03.01-09.28.14:437][  0]LogTargetPlatformManager: Display: Loaded TargetPlatform 'Windows'
[2023.03.01-09.28.14:444][  0]LogTargetPlatformManager: Display: Loaded TargetPlatform 'WindowsClient'
[2023.03.01-09.28.14:449][  0]LogTargetPlatformManager: Display: Loaded TargetPlatform 'WindowsServer'
[2023.03.01-09.28.14:449][  0]LogTargetPlatformManager: Display: Building Assets For Windows
[2023.03.01-09.28.14:457][  0]LogAudioDebug: Display: Lib vorbis DLL was dynamically loaded.
[2023.03.01-09.28.14:494][  0]LogTextureFormatOodle: Display: Oodle Texture 2.9.0 init RDO Off
[2023.03.01-09.28.14:534][  0]LogRendererCore: Ray tracing is disabled. Reason: r.RayTracing=0.
[2023.03.01-09.28.14:535][  0]LogShaderCompilers: Guid format shader working directory is -24 characters bigger than the processId version (../../../../../../Users/tearx/Documents/GitHub/Infinite-Runner-Unreal/Intermediate/Shaders/WorkingDirectory/48056/).
[2023.03.01-09.28.14:535][  0]LogShaderCompilers: Cleaned the shader compiler working directory 'C:/Users/tearx/AppData/Local/Temp/UnrealShaderWorkingDir/04F71F3545E018C168E44CA90F551425/'.
[2023.03.01-09.28.14:535][  0]LogXGEController: Cannot use XGE Controller as Incredibuild is not installed on this machine.
[2023.03.01-09.28.14:535][  0]LogShaderCompilers: Cannot use XGE Shader Compiler as Incredibuild is not installed on this machine.
[2023.03.01-09.28.14:535][  0]LogShaderCompilers: Display: Using Local Shader Compiler.
[2023.03.01-09.28.15:225][  0]LogDerivedDataCache: Display: Max Cache Size: 512 MB
[2023.03.01-09.28.15:264][  0]LogDerivedDataCache: Loaded boot cache 0.04s 94MB C:/Users/tearx/AppData/Local/UnrealEngine/4.27/DerivedDataCache/Boot.ddc.
[2023.03.01-09.28.15:264][  0]LogDerivedDataCache: Display: Loaded Boot cache: C:/Users/tearx/AppData/Local/UnrealEngine/4.27/DerivedDataCache/Boot.ddc
[2023.03.01-09.28.15:264][  0]LogDerivedDataCache: FDerivedDataBackendGraph:  Pak pak cache file ../../../../../../Users/tearx/Documents/GitHub/Infinite-Runner-Unreal/DerivedDataCache/DDC.ddp not found, will not use a pak cache.
[2023.03.01-09.28.15:265][  0]LogDerivedDataCache: Unable to find inner node Pak for hierarchical cache Hierarchy.
[2023.03.01-09.28.15:265][  0]LogDerivedDataCache: FDerivedDataBackendGraph:  CompressedPak pak cache file ../../../../../../Users/tearx/Documents/GitHub/Infinite-Runner-Unreal/DerivedDataCache/Compressed.ddp not found, will not use a pak cache.
[2023.03.01-09.28.15:265][  0]LogDerivedDataCache: Unable to find inner node CompressedPak for hierarchical cache Hierarchy.
[2023.03.01-09.28.15:281][  0]LogDerivedDataCache: Display: Pak cache opened for reading ../../../Engine/DerivedDataCache/Compressed.ddp.
[2023.03.01-09.28.15:281][  0]LogDerivedDataCache: FDerivedDataBackendGraph:  EnterprisePak pak cache file ../../../Enterprise/DerivedDataCache/Compressed.ddp not found, will not use a pak cache.
[2023.03.01-09.28.15:281][  0]LogDerivedDataCache: Unable to find inner node EnterprisePak for hierarchical cache Hierarchy.
[2023.03.01-09.28.15:285][  0]LogDerivedDataCache: Speed tests for C:/Users/tearx/AppData/Local/UnrealEngine/Common/DerivedDataCache took 0.00 seconds
[2023.03.01-09.28.15:285][  0]LogDerivedDataCache: Display: Performance to C:/Users/tearx/AppData/Local/UnrealEngine/Common/DerivedDataCache: Latency=0.02ms. RandomReadSpeed=1535.15MBs, RandomWriteSpeed=270.52MBs. Assigned SpeedClass 'Local'
[2023.03.01-09.28.15:286][  0]LogDerivedDataCache: Using Local data cache path C:/Users/tearx/AppData/Local/UnrealEngine/Common/DerivedDataCache: Writable
[2023.03.01-09.28.15:286][  0]LogDerivedDataCache: Shared data cache path not found in *engine.ini, will not use an Shared cache.
[2023.03.01-09.28.15:286][  0]LogDerivedDataCache: Unable to find inner node Shared for hierarchical cache Hierarchy.
[2023.03.01-09.28.15:332][  0]LogSlate: Using FreeType 2.10.0
[2023.03.01-09.28.15:332][  0]LogSlate: SlateFontServices - WITH_FREETYPE: 1, WITH_HARFBUZZ: 1
[2023.03.01-09.28.15:354][  0]LogAssetRegistry: FAssetRegistry took 0.0025 seconds to start up
[2023.03.01-09.28.15:623][  0]LogInit: Selected Device Profile: [Windows]
[2023.03.01-09.28.15:623][  0]LogInit: Active device profile: [000001972F784F00][000001972348F100 49] Windows
[2023.03.01-09.28.15:623][  0]LogInit: Profiles: [000001972F784F00][000001972348F100 49] Windows, [000001972F73E400][0000019723EFB280 49] WindowsNoEditor, [000001972F785F00][000001972CF31400 49] WindowsServer, [000001972F73D600][000001972CF35580 49] WindowsClient, [000001972F785000][000001972CF39700 49] IOS, [000001972F73FA00][000001972CF3D880 49] iPadAir, [000001972F787300][000001972CF41A00 49] iPadAir2, [000001972F6F9300][0000019727840140 49] IPadPro, [000001972F6F9400][000001972783C180 49] iPadAir3, [000001972F73CB00][0000019727844300 49] iPadAir4, [000001972F6FA100][0000019727848480 49] iPadMini2, [000001972F73F400][000001972784C600 49] iPadMini3, [000001972F6FAC00][0000019727850780 49] iPadMini4, [000001972F73E700][0000019727854900 49] iPadMini5, [000001972F71CE00][0000019727858B40 49] iPhone6, [000001972F71CF00][0000019723EF6B80 49] iPodTouch6, [000001972F786800][0000019727860DC0 49] iPhone7, [000001972F786900][000001972785CE00 49] iPodTouch7, [000001972F6F8C00][0000019727868F80 49] iPhone5S, [000001972F785300][000001972786D100 49] iPhone6Plus, [000001972F6FAA00][0000019727871280 49] iPhone6S, [000001972F786D00][0000019727875400 49] iPhone6SPlus, [000001972F71C100][0000019727879580 49] iPhone7Plus, [000001972F6F9D00][000001972787D700 49] iPhoneSE, [000001972F71CC00][0000019727881880 49] iPhone8, [000001972F6F8400][0000019727885A00 49] iPhone8Plus, [000001972F71EA00][0000019727889B80 49] iPhoneX, [000001972F6FBC00][000001972788C180 49] iPhoneXS, [000001972F71E900][000001972F350300 49] iPhoneXSMax, [000001972F6F8B00][000001972F354480 49] iPhoneXR, [000001972F787800][000001972F358600 49] iPhone11, [000001972F6FBD00][000001972F35C780 49] iPhone11Pro, [000001972F785C00][000001972F360900 49] iPhone11ProMax, [000001972F6F9100][000001972F364A80 49] iPhoneSE2, [000001972F785200][0000019727864BC0 49] iPhone12Mini, [000001972F6FB100][000001972F368D00 49] iPhone12, [000001972F784900][000001972F36CE40 49] iPhone12Pro, [000001972F6F8D00][000001972F370F80 49] iPhone12ProMax, [000001972F787C00][000001972F379100 49] iPadPro105, [000001972F6FB700][000001972F37D280 49] iPadPro129, [000001972F787000][000001972F381400 49] iPadPro97, [000001972F6F8F00][000001972F385580 49] iPadPro2_129, [000001972F784C00][000001972F389700 49] iPad5, [000001972F6FBB00][000001972F38D880 49] iPad6, [000001972F784400][000001972F391A00 49] iPad7, [000001972F6FBE00][000001972F395B80 49] iPad8, [000001972F785B00][000001972F398180 49] iPadPro11, [000001972F6FA400][000001972F39C300 49] iPadPro2_11, [000001972F784800][000001972F3A0480 49] iPadPro3_129, [000001972F6FA800][000001972F3A4600 49] iPadPro4_129, [000001972F786F00][000001972F3A8780 49] AppleTV, [000001972F6F9200][000001972F3AC900 49] AppleTV4K, [000001972F785700][000001972F3B0A80 49] TVOS, [000001972F6FB600][000001972F3B4C00 49] Mac, [000001972F787A00][000001972F374D40 49] MacClient, [000001972F6FA500][000001972F3B8E80 49] MacNoEditor, [000001972F784500][000001972F3BCFC0 49] MacServer, [000001972F6FA000][00000197303D1100 49] Linux, [000001972F787B00][00000197303D9280 49] LinuxAArch64, [000001972F6F8300][00000197303DD400 49] LinuxNoEditor, [000001972F787700][00000197303E1580 49] LinuxAArch64NoEditor, [000001972F6FA600][00000197303E5700 49] LinuxClient, [000001972F786600][00000197303E9880 49] LinuxAArch64Client, [000001972F6F9A00][00000197303EDA00 49] LinuxServer, [000001972F784200][00000197303F1B80 49] LinuxAArch64Server, [000001972F6F9600][00000197303F4180 49] Android, [000001972F786100][00000197303F8300 49] Android_Low, [000001972F6FB800][00000197303FC480 49] Android_Mid, [000001972F784600][0000019730400600 49] Android_High, [000001972F6FA300][0000019730404780 49] Android_Default, [000001972F786300][0000019730408900 49] Android_Adreno4xx, [000001972F6FB000][000001973040CA80 49] Android_Adreno5xx_Low, [000001972F786A00][0000019730410C00 49] Android_Adreno5xx, [000001972F6F8100][0000019730414D80 49] Android_Adreno6xx, [000001972F784B00][0000019730418F00 49] Android_Adreno6xx_Vulkan, [000001972F6F8A00][00000197303D5040 49] Android_Mali_T6xx, [000001972F784700][00000197273F5180 49] Android_Mali_T7xx, [000001972F73DA00][000001972741F2C0 49] Android_Mali_T8xx, [000001972F71C300][0000019730779440 49] Android_Mali_G71, [000001972F73C600][00000197307815C0 49] Android_Mali_G72, [000001972F71D200][00000197307AD740 49] Android_Mali_G72_Vulkan, [000001972F73FE00][00000197307CB8C0 49] Android_Mali_G76, [000001972F71C700][000001972744DA40 49] Android_Mali_G76_Vulkan, [000001972F73FD00][0000019727451BC0 49] Android_Mali_G77, [000001972F71FB00][00000197274541C0 49] Android_Mali_G77_Vulkan, [000001972F73DB00][0000019727458340 49] Android_Mali_G78, [000001972F71F100][000001972747C4C0 49] Android_Mali_G78_Vulkan, [000001972F73F900][00000197233D0640 49] Android_Mali_G710, [000001972F71EC00][00000197233D47C0 49] Android_Mali_G710_Vulkan, [000001972F73F600][00000197233D8940 49] Android_Vulkan_SM5, [000001972F71F800][00000197233DCAC0 49] Android_PowerVR_G6xxx, [000001972F73D900][00000197233E0C40 49] Android_PowerVR_GT7xxx, [000001972F71DD00][00000197233E4DC0 49] Android_PowerVR_GE8xxx, [000001972F73ED00][0000019723414F40 49] Android_PowerVR_GM9xxx, [000001972F71C800][00000197234190C0 49] Android_PowerVR_GM9xxx_Vulkan, [000001972F73DC00][0000019730775200 49] Android_TegraK1, [000001972F71D000][000001972CF21340 49] Android_Unknown_Vulkan, [000001972F73E300][000001972CF25480 49] Lumin, [000001972F71FE00][000001972CF295C0 49] Lumin_Desktop, [000001972F73EB00][000001972EFC1740 49] HoloLens, 
[2023.03.01-09.28.15:727][  0]LogMeshReduction: Using QuadricMeshReduction for automatic static mesh reduction
[2023.03.01-09.28.15:727][  0]LogMeshReduction: Using SimplygonMeshReduction for automatic skeletal mesh reduction
[2023.03.01-09.28.15:727][  0]LogMeshReduction: Using ProxyLODMeshReduction for automatic mesh merging
[2023.03.01-09.28.15:727][  0]LogMeshReduction: No distributed automatic mesh merging module available
[2023.03.01-09.28.15:727][  0]LogMeshMerging: No distributed automatic mesh merging module available
[2023.03.01-09.28.15:738][  0]LogNetVersion: Infinite_Runner 1.0.0, NetCL: 17155196, EngineNetVer: 17, GameNetVer: 0 (Checksum: 3922851510)
[2023.03.01-09.28.16:062][  0]LogTexture: Default maximum texture size for cubemaps generated from long-lat sources has been changed from 512 to unlimited. In order to preserve old behaiour for '/Engine/MapTemplates/Sky/DaylightAmbientCubemap.DaylightAmbientCubemap', its maximum texture size has been explicitly set to 512.
[2023.03.01-09.28.16:106][  0]LogHMD: PokeAHoleMaterial loaded successfully
[2023.03.01-09.28.16:111][  0]LogUObjectArray: 17178 objects as part of root set at end of initial load.
[2023.03.01-09.28.16:111][  0]LogUObjectAllocator: 4302048 out of 0 bytes used by permanent object pool.
[2023.03.01-09.28.16:111][  0]LogUObjectArray: CloseDisregardForGC: 0/0 objects in disregard for GC pool
[2023.03.01-09.28.16:361][  0]LogNiagaraDebuggerClient: Niagara Debugger Client Initialized | Session: 726E7E4E4E01DDC109AE6E84EF213DC6 | Instance: BC8386C74556DFDECB0A388FD93D555F (DESKTOP-GQPIGU5-48056).
[2023.03.01-09.28.16:392][  0]LogPython: Using Python 3.7.7
[2023.03.01-09.28.17:083][  0]LogUdpMessaging: Initializing bridge on interface 0.0.0.0:0 to multicast group 230.0.0.1:6666.
[2023.03.01-09.28.17:090][  0]LogTcpMessaging: Initializing TcpMessaging bridge
[2023.03.01-09.28.17:290][  0]SourceControl: Source control is disabled
[2023.03.01-09.28.17:291][  0]SourceControl: Source control is disabled
[2023.03.01-09.28.17:295][  0]SourceControl: Source control is disabled
[2023.03.01-09.28.17:300][  0]SourceControl: Source control is disabled
[2023.03.01-09.28.17:323][  0]SourceControl: Source control is disabled
[2023.03.01-09.28.17:333][  0]LogUProjectInfo: Found projects:
[2023.03.01-09.28.17:343][  0]LogVSAccessor: Display: Unable to create Visual Studio setup instance: 80040154
[2023.03.01-09.28.17:344][  0]LogVSAccessor: Display: Unable to create Visual Studio setup instance: 80040154
[2023.03.01-09.28.17:345][  0]LogVSAccessor: Display: Unable to create Visual Studio setup instance: 80040154
[2023.03.01-09.28.17:580][  0]LogOpenImageDenoise: OIDN starting up
[2023.03.01-09.28.17:620][  0]LogAndroidPermission: UAndroidPermissionCallbackProxy::GetInstance
[2023.03.01-09.28.17:642][  0]LogAudioCaptureCore: Display: No Audio Capture implementations found. Audio input will be silent.
[2023.03.01-09.28.17:642][  0]LogAudioCaptureCore: Display: No Audio Capture implementations found. Audio input will be silent.
[2023.03.01-09.28.17:750][  0]LogCollectionManager: Loaded 0 collections in 0.001376 seconds
[2023.03.01-09.28.17:772][  0]LogFileCache: Scanning file cache for directory 'C:/Users/tearx/Documents/GitHub/Infinite-Runner-Unreal/Saved/Collections/' took 0.00s
[2023.03.01-09.28.17:772][  0]LogFileCache: Scanning file cache for directory 'C:/Users/tearx/Documents/GitHub/Infinite-Runner-Unreal/Content/Developers/tearx/Collections/' took 0.00s
[2023.03.01-09.28.17:772][  0]LogFileCache: Scanning file cache for directory 'C:/Users/tearx/Documents/GitHub/Infinite-Runner-Unreal/Content/Collections/' took 0.00s
[2023.03.01-09.28.17:772][  0]LogOcInput: OculusInput pre-init called
[2023.03.01-09.28.17:980][  0]LogEngine: Initializing Engine...
[2023.03.01-09.28.18:040][  0]LogHMD: Optional extension XR_VARJO_quad_views is not available
[2023.03.01-09.28.18:041][  0]LogHMD: Warning: Required extension XR_EXT_eye_gaze_interaction is not available
[2023.03.01-09.28.18:041][  0]LogHMD: Could not enable all required OpenXR extensions for OpenXREyeTracker on current system. This plugin will be loaded but ignored, but will be enabled on a target platform that supports the required extension.
[2023.03.01-09.28.18:043][  0]LogHMD: Failed to get an OpenXR system, result is XR_ERROR_FORM_FACTOR_UNAVAILABLE. Please check that your runtime supports VR headsets.
[2023.03.01-09.28.18:043][  0]LogHMD: Failed to initialize OpenVR with code 110
[2023.03.01-09.28.18:044][  0]LogMagicLeap: Warning: VR disabled because ZI is not enabled.  To enable, in the editor, Edit -> Project Settings -> Plugins -> Magic Leap Plugin -> Enable Zero Iteration
[2023.03.01-09.28.18:045][  0]LogStats: UGameplayTagsManager::InitializeManager -  0.000 s
[2023.03.01-09.28.18:175][  0]LogInit: Initializing FReadOnlyCVARCache
[2023.03.01-09.28.18:187][  0]LogAIModule: Creating AISystem for world Untitled
[2023.03.01-09.28.18:188][  0]LogAudio: Display: Initializing Audio Device Manager...
[2023.03.01-09.28.18:191][  0]LogAudio: Display: Loading Default Audio Settings Objects...
[2023.03.01-09.28.18:191][  0]LogAudio: Display: No default SoundConcurrencyObject specified (or failed to load).
[2023.03.01-09.28.18:192][  0]LogAudio: Display: Audio Device Manager Initialized
[2023.03.01-09.28.18:192][  0]LogAudio: Display: Creating Audio Device:                 Id: 1, Scope: Shared, Realtime: True
[2023.03.01-09.28.18:192][  0]LogAudioMixer: Display: Audio Mixer Platform Settings:
[2023.03.01-09.28.18:192][  0]LogAudioMixer: Display: 	Sample Rate:						  48000
[2023.03.01-09.28.18:192][  0]LogAudioMixer: Display: 	Callback Buffer Frame Size Requested: 1024
[2023.03.01-09.28.18:192][  0]LogAudioMixer: Display: 	Callback Buffer Frame Size To Use:	  1024
[2023.03.01-09.28.18:192][  0]LogAudioMixer: Display: 	Number of buffers to queue:			  2
[2023.03.01-09.28.18:192][  0]LogAudioMixer: Display: 	Max Channels (voices):				  32
[2023.03.01-09.28.18:192][  0]LogAudioMixer: Display: 	Number of Async Source Workers:		  0
[2023.03.01-09.28.18:192][  0]LogAudio: Display: AudioDevice MaxSources: 32
[2023.03.01-09.28.18:192][  0]LogAudio: Display: Audio Spatialization Plugin: None (built-in).
[2023.03.01-09.28.18:192][  0]LogAudio: Display: Audio Reverb Plugin: None (built-in).
[2023.03.01-09.28.18:192][  0]LogAudio: Display: Audio Occlusion Plugin: None (built-in).
[2023.03.01-09.28.18:192][  0]LogAudioMixer: Display: Initializing audio mixer.
[2023.03.01-09.28.18:212][  0]LogAudioMixer: Display: 0: FrontLeft
[2023.03.01-09.28.18:212][  0]LogAudioMixer: Display: 1: FrontRight
[2023.03.01-09.28.18:961][  0]LogAudioMixer: Display: Using Audio Device Speaker (Realtek(R) Audio)
[2023.03.01-09.28.18:962][  0]LogAudioMixer: Display: Initializing Sound Submixes...
[2023.03.01-09.28.18:964][  0]LogAudioMixer: Display: Creating Master Submix 'MasterSubmixDefault'
[2023.03.01-09.28.18:964][  0]LogAudioMixer: Display: Creating Master Submix 'MasterReverbSubmixDefault'
[2023.03.01-09.28.18:966][  0]LogAudioMixer: Display: Creating Master Submix 'MasterEQSubmixDefault'
[2023.03.01-09.28.18:966][  0]LogAudioMixer: FMixerPlatformXAudio2::StartAudioStream() called
[2023.03.01-09.28.18:966][  0]LogAudioMixer: Display: Output buffers initialized: Frames=1024, Channels=2, Samples=2048
[2023.03.01-09.28.18:968][  0]LogAudioMixer: Display: Starting AudioMixerPlatformInterface::RunInternal()
[2023.03.01-09.28.18:968][  0]LogAudioMixer: Display: FMixerPlatformXAudio2::SubmitBuffer() called for the first time
[2023.03.01-09.28.18:968][  0]LogInit: FAudioDevice initialized.
[2023.03.01-09.28.18:968][  0]LogAudio: Display: Audio Device (ID: 1) registered with world 'Untitled'.
[2023.03.01-09.28.18:968][  0]LogNetVersion: Set ProjectVersion to 1.0.0.0. Version Checksum will be recalculated on next use.
[2023.03.01-09.28.19:126][  0]LogDerivedDataCache: Saved boot cache 0.16s 94MB C:/Users/tearx/AppData/Local/UnrealEngine/4.27/DerivedDataCache/Boot.ddc.
[2023.03.01-09.28.19:126][  0]LogInit: Texture streaming: Enabled
[2023.03.01-09.28.19:143][  0]LogAnalytics: Display: [UEEditor.Rocket.Release] APIServer = https://datarouter.ol.epicgames.com/. AppVersion = 4.27.2-18319896+++UE4+Release-4.27
[2023.03.01-09.28.19:147][  0]LogEngineSessionManager: EngineSessionManager initialized
[2023.03.01-09.28.19:147][  0]LogEditorSessionSummary: Verbose: Initializing EditorSessionSummaryWriter for editor session tracking
[2023.03.01-09.28.19:148][  0]LogEditorSessionSummary: EditorSessionSummaryWriter initialized
[2023.03.01-09.28.19:182][  0]LogInit: Transaction tracking system initialized
[2023.03.01-09.28.19:208][  0]BlueprintLog: New page: Editor Load
[2023.03.01-09.28.19:264][  0]LocalizationService: Localization service is disabled
[2023.03.01-09.28.19:292][  0]TimingProfiler: Initialize
[2023.03.01-09.28.19:292][  0]TimingProfiler: OnSessionChanged
[2023.03.01-09.28.19:292][  0]LoadingProfiler: Initialize
[2023.03.01-09.28.19:292][  0]LoadingProfiler: OnSessionChanged
[2023.03.01-09.28.19:292][  0]NetworkingProfiler: Initialize
[2023.03.01-09.28.19:292][  0]NetworkingProfiler: OnSessionChanged
[2023.03.01-09.28.19:292][  0]MemoryProfiler: Initialize
[2023.03.01-09.28.19:292][  0]MemoryProfiler: OnSessionChanged
[2023.03.01-09.28.19:353][  0]LogVSAccessor: Display: Unable to create Visual Studio setup instance: 80040154
[2023.03.01-09.28.19:353][  0]LogVSAccessor: Display: Unable to create Visual Studio setup instance: 80040154
[2023.03.01-09.28.19:355][  0]LogVSAccessor: Display: Unable to create Visual Studio setup instance: 80040154
[2023.03.01-09.28.19:454][  0]LogCook: Display: CookSettings for Memory: MemoryMaxUsedVirtual 0MiB, MemoryMaxUsedPhysical 16384MiB, MemoryMinFreeVirtual 0MiB, MemoryMinFreePhysical 1024MiB
[2023.03.01-09.28.19:455][  0]LogCook: Display: Mobile HDR setting 1
[2023.03.01-09.28.19:675][  0]LogFileCache: Scanning file cache for directory 'C:/Users/tearx/Documents/GitHub/Infinite-Runner-Unreal/Content/' took 0.00s
[2023.03.01-09.28.19:840][  0]LogInit: Display: Engine is initialized. Leaving FEngineLoop::Init()
[2023.03.01-09.28.19:842][  0]SourceControl: Source control is disabled
[2023.03.01-09.28.19:842][  0]LogUnrealEdMisc: Loading editor; pre map load, took 8.120
[2023.03.01-09.28.19:842][  0]Cmd: MAP LOAD FILE="../../../../../../Users/tearx/Documents/GitHub/Infinite-Runner-Unreal/Content/ThirdPersonBP/Maps/Runner.umap" TEMPLATE=0 SHOWPROGRESS=1 FEATURELEVEL=3
[2023.03.01-09.28.19:843][  0]LightingResults: New page: Lighting Build
[2023.03.01-09.28.19:844][  0]LogWorld: UWorld::CleanupWorld for Untitled, bSessionEnded=true, bCleanupResources=true
[2023.03.01-09.28.19:844][  0]LogSlate: InvalidateAllWidgets triggered.  All widgets were invalidated
[2023.03.01-09.28.19:844][  0]MapCheck: New page: Map Check
[2023.03.01-09.28.19:844][  0]LightingResults: New page: Lighting Build
[2023.03.01-09.28.19:853][  0]LogAudio: Display: Audio Device unregistered from world 'None'.
[2023.03.01-09.28.19:856][  0]LogUObjectHash: Compacting FUObjectHashTables data took   0.77ms
[2023.03.01-09.28.19:915][  0]LogAudio: Display: Audio Device (ID: 1) registered with world 'Runner'.
[2023.03.01-09.28.19:916][  0]LogAIModule: Creating AISystem for world Runner
[2023.03.01-09.28.19:919][  0]LogEditorServer: Finished looking for orphan Actors (0.000 secs)
[2023.03.01-09.28.19:938][  0]LogUObjectHash: Compacting FUObjectHashTables data took   0.78ms
[2023.03.01-09.28.19:938][  0]Cmd: MAP CHECKDEP NOCLEARLOG
[2023.03.01-09.28.19:938][  0]MapCheck: Map check complete: 0 Error(s), 0 Warning(s), took 0.131ms to complete.
[2023.03.01-09.28.19:938][  0]LogFileHelpers: Loading map 'Runner' took 0.095
[2023.03.01-09.28.19:940][  0]LogUnrealEdMisc: Total Editor Startup Time, took 8.217
[2023.03.01-09.28.20:055][  0]LogSlate: Updating window title bar state: overlay mode, drag disabled, window buttons hidden, title bar hidden
[2023.03.01-09.28.20:062][  0]LogSlate: Updating window title bar state: overlay mode, drag disabled, window buttons hidden, title bar hidden
[2023.03.01-09.28.20:073][  0]LogSlate: Updating window title bar state: overlay mode, drag disabled, window buttons hidden, title bar hidden
[2023.03.01-09.28.20:087][  0]LogSlate: Updating window title bar state: overlay mode, drag disabled, window buttons hidden, title bar hidden
[2023.03.01-09.28.20:121][  0]LogNativeClassHierarchy: Verbose: Native class hierarchy populated in 0.0110 seconds. Added 3822 classes and 928 folders.
[2023.03.01-09.28.20:127][  0]LogNativeClassHierarchy: Verbose: Native class hierarchy updated for 'WidgetCarousel' in 0.0003 seconds. Added 0 classes and 0 folders.
[2023.03.01-09.28.20:130][  0]LogPakFile: PakFile PrimaryIndexSize=187
[2023.03.01-09.28.20:130][  0]LogPakFile: PakFile PathHashIndexSize=101
[2023.03.01-09.28.20:130][  0]LogPakFile: PakFile FullDirectoryIndexSize=148
[2023.03.01-09.28.20:131][  0]LogShaderLibrary: Display: ShaderCodeLibraryPakFileMountedCallback: PakFile 'C:/Program Files/Epic Games/UE_4.27/FeaturePacks/FP_FirstPerson.upack' (chunk index -1, root 'root:/') mounted
[2023.03.01-09.28.20:131][  0]LogShaderLibrary: Display: ShaderCodeLibraryPakFileMountedCallback: pending pak file info (ChunkID:-1 Root:root:/ File:C:/Program Files/Epic Games/UE_4.27/FeaturePacks/FP_FirstPerson.upack)
[2023.03.01-09.28.20:131][  0]LogPakFile: OnPakFileMounted2Time == 0.000212
[2023.03.01-09.28.20:132][  0]LogPakFile: PakFile PrimaryIndexSize=189
[2023.03.01-09.28.20:132][  0]LogPakFile: PakFile PathHashIndexSize=101
[2023.03.01-09.28.20:132][  0]LogPakFile: PakFile FullDirectoryIndexSize=152
[2023.03.01-09.28.20:132][  0]LogShaderLibrary: Display: ShaderCodeLibraryPakFileMountedCallback: PakFile 'C:/Program Files/Epic Games/UE_4.27/FeaturePacks/FP_FirstPersonBP.upack' (chunk index -1, root 'root:/') mounted
[2023.03.01-09.28.20:132][  0]LogShaderLibrary: Display: ShaderCodeLibraryPakFileMountedCallback: pending pak file info (ChunkID:-1 Root:root:/ File:C:/Program Files/Epic Games/UE_4.27/FeaturePacks/FP_FirstPersonBP.upack)
[2023.03.01-09.28.20:132][  0]LogPakFile: OnPakFileMounted2Time == 0.000036
[2023.03.01-09.28.20:134][  0]LogPakFile: PakFile PrimaryIndexSize=191
[2023.03.01-09.28.20:134][  0]LogPakFile: PakFile PathHashIndexSize=101
[2023.03.01-09.28.20:134][  0]LogPakFile: PakFile FullDirectoryIndexSize=160
[2023.03.01-09.28.20:135][  0]LogShaderLibrary: Display: ShaderCodeLibraryPakFileMountedCallback: PakFile 'C:/Program Files/Epic Games/UE_4.27/FeaturePacks/MobileStarterContent.upack' (chunk index -1, root 'root:/') mounted
[2023.03.01-09.28.20:135][  0]LogShaderLibrary: Display: ShaderCodeLibraryPakFileMountedCallback: pending pak file info (ChunkID:-1 Root:root:/ File:C:/Program Files/Epic Games/UE_4.27/FeaturePacks/MobileStarterContent.upack)
[2023.03.01-09.28.20:135][  0]LogPakFile: OnPakFileMounted2Time == 0.000048
[2023.03.01-09.28.20:136][  0]LogPakFile: PakFile PrimaryIndexSize=185
[2023.03.01-09.28.20:136][  0]LogPakFile: PakFile PathHashIndexSize=101
[2023.03.01-09.28.20:136][  0]LogPakFile: PakFile FullDirectoryIndexSize=148
[2023.03.01-09.28.20:136][  0]LogShaderLibrary: Display: ShaderCodeLibraryPakFileMountedCallback: PakFile 'C:/Program Files/Epic Games/UE_4.27/FeaturePacks/StarterContent.upack' (chunk index -1, root 'root:/') mounted
[2023.03.01-09.28.20:136][  0]LogShaderLibrary: Display: ShaderCodeLibraryPakFileMountedCallback: pending pak file info (ChunkID:-1 Root:root:/ File:C:/Program Files/Epic Games/UE_4.27/FeaturePacks/StarterContent.upack)
[2023.03.01-09.28.20:136][  0]LogPakFile: OnPakFileMounted2Time == 0.000037
[2023.03.01-09.28.20:137][  0]LogPakFile: PakFile PrimaryIndexSize=190
[2023.03.01-09.28.20:137][  0]LogPakFile: PakFile PathHashIndexSize=101
[2023.03.01-09.28.20:137][  0]LogPakFile: PakFile FullDirectoryIndexSize=154
[2023.03.01-09.28.20:137][  0]LogShaderLibrary: Display: ShaderCodeLibraryPakFileMountedCallback: PakFile 'C:/Program Files/Epic Games/UE_4.27/FeaturePacks/TP_2DSideScroller.upack' (chunk index -1, root 'root:/') mounted
[2023.03.01-09.28.20:137][  0]LogShaderLibrary: Display: ShaderCodeLibraryPakFileMountedCallback: pending pak file info (ChunkID:-1 Root:root:/ File:C:/Program Files/Epic Games/UE_4.27/FeaturePacks/TP_2DSideScroller.upack)
[2023.03.01-09.28.20:137][  0]LogPakFile: OnPakFileMounted2Time == 0.000035
[2023.03.01-09.28.20:138][  0]LogPakFile: PakFile PrimaryIndexSize=192
[2023.03.01-09.28.20:138][  0]LogPakFile: PakFile PathHashIndexSize=101
[2023.03.01-09.28.20:138][  0]LogPakFile: PakFile FullDirectoryIndexSize=158
[2023.03.01-09.28.20:138][  0]LogShaderLibrary: Display: ShaderCodeLibraryPakFileMountedCallback: PakFile 'C:/Program Files/Epic Games/UE_4.27/FeaturePacks/TP_2DSideScrollerBP.upack' (chunk index -1, root 'root:/') mounted
[2023.03.01-09.28.20:138][  0]LogShaderLibrary: Display: ShaderCodeLibraryPakFileMountedCallback: pending pak file info (ChunkID:-1 Root:root:/ File:C:/Program Files/Epic Games/UE_4.27/FeaturePacks/TP_2DSideScrollerBP.upack)
[2023.03.01-09.28.20:138][  0]LogPakFile: OnPakFileMounted2Time == 0.000031
[2023.03.01-09.28.20:139][  0]LogPakFile: PakFile PrimaryIndexSize=182
[2023.03.01-09.28.20:139][  0]LogPakFile: PakFile PathHashIndexSize=101
[2023.03.01-09.28.20:139][  0]LogPakFile: PakFile FullDirectoryIndexSize=138
[2023.03.01-09.28.20:139][  0]LogShaderLibrary: Display: ShaderCodeLibraryPakFileMountedCallback: PakFile 'C:/Program Files/Epic Games/UE_4.27/FeaturePacks/TP_Flying.upack' (chunk index -1, root 'root:/') mounted
[2023.03.01-09.28.20:139][  0]LogShaderLibrary: Display: ShaderCodeLibraryPakFileMountedCallback: pending pak file info (ChunkID:-1 Root:root:/ File:C:/Program Files/Epic Games/UE_4.27/FeaturePacks/TP_Flying.upack)
[2023.03.01-09.28.20:139][  0]LogPakFile: OnPakFileMounted2Time == 0.000035
[2023.03.01-09.28.20:140][  0]LogPakFile: PakFile PrimaryIndexSize=184
[2023.03.01-09.28.20:140][  0]LogPakFile: PakFile PathHashIndexSize=101
[2023.03.01-09.28.20:140][  0]LogPakFile: PakFile FullDirectoryIndexSize=142
[2023.03.01-09.28.20:140][  0]LogShaderLibrary: Display: ShaderCodeLibraryPakFileMountedCallback: PakFile 'C:/Program Files/Epic Games/UE_4.27/FeaturePacks/TP_FlyingBP.upack' (chunk index -1, root 'root:/') mounted
[2023.03.01-09.28.20:140][  0]LogShaderLibrary: Display: ShaderCodeLibraryPakFileMountedCallback: pending pak file info (ChunkID:-1 Root:root:/ File:C:/Program Files/Epic Games/UE_4.27/FeaturePacks/TP_FlyingBP.upack)
[2023.03.01-09.28.20:140][  0]LogPakFile: OnPakFileMounted2Time == 0.000030
[2023.03.01-09.28.20:141][  0]LogPakFile: PakFile PrimaryIndexSize=188
[2023.03.01-09.28.20:141][  0]LogPakFile: PakFile PathHashIndexSize=101
[2023.03.01-09.28.20:141][  0]LogPakFile: PakFile FullDirectoryIndexSize=150
[2023.03.01-09.28.20:141][  0]LogShaderLibrary: Display: ShaderCodeLibraryPakFileMountedCallback: PakFile 'C:/Program Files/Epic Games/UE_4.27/FeaturePacks/TP_HandheldARBP.upack' (chunk index -1, root 'root:/') mounted
[2023.03.01-09.28.20:141][  0]LogShaderLibrary: Display: ShaderCodeLibraryPakFileMountedCallback: pending pak file info (ChunkID:-1 Root:root:/ File:C:/Program Files/Epic Games/UE_4.27/FeaturePacks/TP_HandheldARBP.upack)
[2023.03.01-09.28.20:141][  0]LogPakFile: OnPakFileMounted2Time == 0.000032
[2023.03.01-09.28.20:143][  0]LogPakFile: PakFile PrimaryIndexSize=182
[2023.03.01-09.28.20:143][  0]LogPakFile: PakFile PathHashIndexSize=101
[2023.03.01-09.28.20:143][  0]LogPakFile: PakFile FullDirectoryIndexSize=138
[2023.03.01-09.28.20:143][  0]LogShaderLibrary: Display: ShaderCodeLibraryPakFileMountedCallback: PakFile 'C:/Program Files/Epic Games/UE_4.27/FeaturePacks/TP_Puzzle.upack' (chunk index -1, root 'root:/') mounted
[2023.03.01-09.28.20:143][  0]LogShaderLibrary: Display: ShaderCodeLibraryPakFileMountedCallback: pending pak file info (ChunkID:-1 Root:root:/ File:C:/Program Files/Epic Games/UE_4.27/FeaturePacks/TP_Puzzle.upack)
[2023.03.01-09.28.20:143][  0]LogPakFile: OnPakFileMounted2Time == 0.000063
[2023.03.01-09.28.20:145][  0]LogPakFile: PakFile PrimaryIndexSize=184
[2023.03.01-09.28.20:145][  0]LogPakFile: PakFile PathHashIndexSize=101
[2023.03.01-09.28.20:145][  0]LogPakFile: PakFile FullDirectoryIndexSize=142
[2023.03.01-09.28.20:145][  0]LogShaderLibrary: Display: ShaderCodeLibraryPakFileMountedCallback: PakFile 'C:/Program Files/Epic Games/UE_4.27/FeaturePacks/TP_PuzzleBP.upack' (chunk index -1, root 'root:/') mounted
[2023.03.01-09.28.20:145][  0]LogShaderLibrary: Display: ShaderCodeLibraryPakFileMountedCallback: pending pak file info (ChunkID:-1 Root:root:/ File:C:/Program Files/Epic Games/UE_4.27/FeaturePacks/TP_PuzzleBP.upack)
[2023.03.01-09.28.20:145][  0]LogPakFile: OnPakFileMounted2Time == 0.000074
[2023.03.01-09.28.20:147][  0]LogPakFile: PakFile PrimaryIndexSize=183
[2023.03.01-09.28.20:147][  0]LogPakFile: PakFile PathHashIndexSize=101
[2023.03.01-09.28.20:147][  0]LogPakFile: PakFile FullDirectoryIndexSize=140
[2023.03.01-09.28.20:147][  0]LogShaderLibrary: Display: ShaderCodeLibraryPakFileMountedCallback: PakFile 'C:/Program Files/Epic Games/UE_4.27/FeaturePacks/TP_Rolling.upack' (chunk index -1, root 'root:/') mounted
[2023.03.01-09.28.20:147][  0]LogShaderLibrary: Display: ShaderCodeLibraryPakFileMountedCallback: pending pak file info (ChunkID:-1 Root:root:/ File:C:/Program Files/Epic Games/UE_4.27/FeaturePacks/TP_Rolling.upack)
[2023.03.01-09.28.20:147][  0]LogPakFile: OnPakFileMounted2Time == 0.000064
[2023.03.01-09.28.20:148][  0]LogPakFile: PakFile PrimaryIndexSize=185
[2023.03.01-09.28.20:148][  0]LogPakFile: PakFile PathHashIndexSize=101
[2023.03.01-09.28.20:148][  0]LogPakFile: PakFile FullDirectoryIndexSize=144
[2023.03.01-09.28.20:148][  0]LogShaderLibrary: Display: ShaderCodeLibraryPakFileMountedCallback: PakFile 'C:/Program Files/Epic Games/UE_4.27/FeaturePacks/TP_RollingBP.upack' (chunk index -1, root 'root:/') mounted
[2023.03.01-09.28.20:148][  0]LogShaderLibrary: Display: ShaderCodeLibraryPakFileMountedCallback: pending pak file info (ChunkID:-1 Root:root:/ File:C:/Program Files/Epic Games/UE_4.27/FeaturePacks/TP_RollingBP.upack)
[2023.03.01-09.28.20:148][  0]LogPakFile: OnPakFileMounted2Time == 0.000057
[2023.03.01-09.28.20:150][  0]LogPakFile: PakFile PrimaryIndexSize=188
[2023.03.01-09.28.20:150][  0]LogPakFile: PakFile PathHashIndexSize=101
[2023.03.01-09.28.20:150][  0]LogPakFile: PakFile FullDirectoryIndexSize=150
[2023.03.01-09.28.20:151][  0]LogShaderLibrary: Display: ShaderCodeLibraryPakFileMountedCallback: PakFile 'C:/Program Files/Epic Games/UE_4.27/FeaturePacks/TP_SideScroller.upack' (chunk index -1, root 'root:/') mounted
[2023.03.01-09.28.20:151][  0]LogShaderLibrary: Display: ShaderCodeLibraryPakFileMountedCallback: pending pak file info (ChunkID:-1 Root:root:/ File:C:/Program Files/Epic Games/UE_4.27/FeaturePacks/TP_SideScroller.upack)
[2023.03.01-09.28.20:151][  0]LogPakFile: OnPakFileMounted2Time == 0.000098
[2023.03.01-09.28.20:152][  0]LogPakFile: PakFile PrimaryIndexSize=190
[2023.03.01-09.28.20:152][  0]LogPakFile: PakFile PathHashIndexSize=101
[2023.03.01-09.28.20:152][  0]LogPakFile: PakFile FullDirectoryIndexSize=154
[2023.03.01-09.28.20:152][  0]LogShaderLibrary: Display: ShaderCodeLibraryPakFileMountedCallback: PakFile 'C:/Program Files/Epic Games/UE_4.27/FeaturePacks/TP_SideScrollerBP.upack' (chunk index -1, root 'root:/') mounted
[2023.03.01-09.28.20:152][  0]LogShaderLibrary: Display: ShaderCodeLibraryPakFileMountedCallback: pending pak file info (ChunkID:-1 Root:root:/ File:C:/Program Files/Epic Games/UE_4.27/FeaturePacks/TP_SideScrollerBP.upack)
[2023.03.01-09.28.20:152][  0]LogPakFile: OnPakFileMounted2Time == 0.000120
[2023.03.01-09.28.20:154][  0]LogPakFile: PakFile PrimaryIndexSize=187
[2023.03.01-09.28.20:154][  0]LogPakFile: PakFile PathHashIndexSize=101
[2023.03.01-09.28.20:154][  0]LogPakFile: PakFile FullDirectoryIndexSize=148
[2023.03.01-09.28.20:154][  0]LogShaderLibrary: Display: ShaderCodeLibraryPakFileMountedCallback: PakFile 'C:/Program Files/Epic Games/UE_4.27/FeaturePacks/TP_ThirdPerson.upack' (chunk index -1, root 'root:/') mounted
[2023.03.01-09.28.20:154][  0]LogShaderLibrary: Display: ShaderCodeLibraryPakFileMountedCallback: pending pak file info (ChunkID:-1 Root:root:/ File:C:/Program Files/Epic Games/UE_4.27/FeaturePacks/TP_ThirdPerson.upack)
[2023.03.01-09.28.20:154][  0]LogPakFile: OnPakFileMounted2Time == 0.000067
[2023.03.01-09.28.20:155][  0]LogPakFile: PakFile PrimaryIndexSize=189
[2023.03.01-09.28.20:155][  0]LogPakFile: PakFile PathHashIndexSize=101
[2023.03.01-09.28.20:155][  0]LogPakFile: PakFile FullDirectoryIndexSize=152
[2023.03.01-09.28.20:155][  0]LogShaderLibrary: Display: ShaderCodeLibraryPakFileMountedCallback: PakFile 'C:/Program Files/Epic Games/UE_4.27/FeaturePacks/TP_ThirdPersonBP.upack' (chunk index -1, root 'root:/') mounted
[2023.03.01-09.28.20:155][  0]LogShaderLibrary: Display: ShaderCodeLibraryPakFileMountedCallback: pending pak file info (ChunkID:-1 Root:root:/ File:C:/Program Files/Epic Games/UE_4.27/FeaturePacks/TP_ThirdPersonBP.upack)
[2023.03.01-09.28.20:155][  0]LogPakFile: OnPakFileMounted2Time == 0.000094
[2023.03.01-09.28.20:157][  0]LogPakFile: PakFile PrimaryIndexSize=183
[2023.03.01-09.28.20:157][  0]LogPakFile: PakFile PathHashIndexSize=101
[2023.03.01-09.28.20:157][  0]LogPakFile: PakFile FullDirectoryIndexSize=140
[2023.03.01-09.28.20:157][  0]LogShaderLibrary: Display: ShaderCodeLibraryPakFileMountedCallback: PakFile 'C:/Program Files/Epic Games/UE_4.27/FeaturePacks/TP_TopDown.upack' (chunk index -1, root 'root:/') mounted
[2023.03.01-09.28.20:157][  0]LogShaderLibrary: Display: ShaderCodeLibraryPakFileMountedCallback: pending pak file info (ChunkID:-1 Root:root:/ File:C:/Program Files/Epic Games/UE_4.27/FeaturePacks/TP_TopDown.upack)
[2023.03.01-09.28.20:157][  0]LogPakFile: OnPakFileMounted2Time == 0.000084
[2023.03.01-09.28.20:159][  0]LogPakFile: PakFile PrimaryIndexSize=185
[2023.03.01-09.28.20:159][  0]LogPakFile: PakFile PathHashIndexSize=101
[2023.03.01-09.28.20:159][  0]LogPakFile: PakFile FullDirectoryIndexSize=144
[2023.03.01-09.28.20:159][  0]LogShaderLibrary: Display: ShaderCodeLibraryPakFileMountedCallback: PakFile 'C:/Program Files/Epic Games/UE_4.27/FeaturePacks/TP_TopDownBP.upack' (chunk index -1, root 'root:/') mounted
[2023.03.01-09.28.20:159][  0]LogShaderLibrary: Display: ShaderCodeLibraryPakFileMountedCallback: pending pak file info (ChunkID:-1 Root:root:/ File:C:/Program Files/Epic Games/UE_4.27/FeaturePacks/TP_TopDownBP.upack)
[2023.03.01-09.28.20:159][  0]LogPakFile: OnPakFileMounted2Time == 0.000082
[2023.03.01-09.28.20:161][  0]LogPakFile: PakFile PrimaryIndexSize=185
[2023.03.01-09.28.20:161][  0]LogPakFile: PakFile PathHashIndexSize=101
[2023.03.01-09.28.20:161][  0]LogPakFile: PakFile FullDirectoryIndexSize=144
[2023.03.01-09.28.20:161][  0]LogShaderLibrary: Display: ShaderCodeLibraryPakFileMountedCallback: PakFile 'C:/Program Files/Epic Games/UE_4.27/FeaturePacks/TP_TwinStick.upack' (chunk index -1, root 'root:/') mounted
[2023.03.01-09.28.20:161][  0]LogShaderLibrary: Display: ShaderCodeLibraryPakFileMountedCallback: pending pak file info (ChunkID:-1 Root:root:/ File:C:/Program Files/Epic Games/UE_4.27/FeaturePacks/TP_TwinStick.upack)
[2023.03.01-09.28.20:161][  0]LogPakFile: OnPakFileMounted2Time == 0.000053
[2023.03.01-09.28.20:163][  0]LogPakFile: PakFile PrimaryIndexSize=187
[2023.03.01-09.28.20:163][  0]LogPakFile: PakFile PathHashIndexSize=101
[2023.03.01-09.28.20:163][  0]LogPakFile: PakFile FullDirectoryIndexSize=148
[2023.03.01-09.28.20:163][  0]LogShaderLibrary: Display: ShaderCodeLibraryPakFileMountedCallback: PakFile 'C:/Program Files/Epic Games/UE_4.27/FeaturePacks/TP_TwinStickBP.upack' (chunk index -1, root 'root:/') mounted
[2023.03.01-09.28.20:163][  0]LogShaderLibrary: Display: ShaderCodeLibraryPakFileMountedCallback: pending pak file info (ChunkID:-1 Root:root:/ File:C:/Program Files/Epic Games/UE_4.27/FeaturePacks/TP_TwinStickBP.upack)
[2023.03.01-09.28.20:163][  0]LogPakFile: OnPakFileMounted2Time == 0.000087
[2023.03.01-09.28.20:166][  0]LogPakFile: PakFile PrimaryIndexSize=183
[2023.03.01-09.28.20:167][  0]LogPakFile: PakFile PathHashIndexSize=101
[2023.03.01-09.28.20:167][  0]LogPakFile: PakFile FullDirectoryIndexSize=140
[2023.03.01-09.28.20:167][  0]LogShaderLibrary: Display: ShaderCodeLibraryPakFileMountedCallback: PakFile 'C:/Program Files/Epic Games/UE_4.27/FeaturePacks/TP_Vehicle.upack' (chunk index -1, root 'root:/') mounted
[2023.03.01-09.28.20:167][  0]LogShaderLibrary: Display: ShaderCodeLibraryPakFileMountedCallback: pending pak file info (ChunkID:-1 Root:root:/ File:C:/Program Files/Epic Games/UE_4.27/FeaturePacks/TP_Vehicle.upack)
[2023.03.01-09.28.20:167][  0]LogPakFile: OnPakFileMounted2Time == 0.000134
[2023.03.01-09.28.20:169][  0]LogPakFile: PakFile PrimaryIndexSize=186
[2023.03.01-09.28.20:169][  0]LogPakFile: PakFile PathHashIndexSize=101
[2023.03.01-09.28.20:169][  0]LogPakFile: PakFile FullDirectoryIndexSize=146
[2023.03.01-09.28.20:169][  0]LogShaderLibrary: Display: ShaderCodeLibraryPakFileMountedCallback: PakFile 'C:/Program Files/Epic Games/UE_4.27/FeaturePacks/TP_VehicleAdv.upack' (chunk index -1, root 'root:/') mounted
[2023.03.01-09.28.20:169][  0]LogShaderLibrary: Display: ShaderCodeLibraryPakFileMountedCallback: pending pak file info (ChunkID:-1 Root:root:/ File:C:/Program Files/Epic Games/UE_4.27/FeaturePacks/TP_VehicleAdv.upack)
[2023.03.01-09.28.20:169][  0]LogPakFile: OnPakFileMounted2Time == 0.000148
[2023.03.01-09.28.20:172][  0]LogPakFile: PakFile PrimaryIndexSize=188
[2023.03.01-09.28.20:172][  0]LogPakFile: PakFile PathHashIndexSize=101
[2023.03.01-09.28.20:172][  0]LogPakFile: PakFile FullDirectoryIndexSize=150
[2023.03.01-09.28.20:172][  0]LogShaderLibrary: Display: ShaderCodeLibraryPakFileMountedCallback: PakFile 'C:/Program Files/Epic Games/UE_4.27/FeaturePacks/TP_VehicleAdvBP.upack' (chunk index -1, root 'root:/') mounted
[2023.03.01-09.28.20:172][  0]LogShaderLibrary: Display: ShaderCodeLibraryPakFileMountedCallback: pending pak file info (ChunkID:-1 Root:root:/ File:C:/Program Files/Epic Games/UE_4.27/FeaturePacks/TP_VehicleAdvBP.upack)
[2023.03.01-09.28.20:172][  0]LogPakFile: OnPakFileMounted2Time == 0.000059
[2023.03.01-09.28.20:174][  0]LogPakFile: PakFile PrimaryIndexSize=185
[2023.03.01-09.28.20:174][  0]LogPakFile: PakFile PathHashIndexSize=101
[2023.03.01-09.28.20:174][  0]LogPakFile: PakFile FullDirectoryIndexSize=144
[2023.03.01-09.28.20:174][  0]LogShaderLibrary: Display: ShaderCodeLibraryPakFileMountedCallback: PakFile 'C:/Program Files/Epic Games/UE_4.27/FeaturePacks/TP_VehicleBP.upack' (chunk index -1, root 'root:/') mounted
[2023.03.01-09.28.20:174][  0]LogShaderLibrary: Display: ShaderCodeLibraryPakFileMountedCallback: pending pak file info (ChunkID:-1 Root:root:/ File:C:/Program Files/Epic Games/UE_4.27/FeaturePacks/TP_VehicleBP.upack)
[2023.03.01-09.28.20:174][  0]LogPakFile: OnPakFileMounted2Time == 0.000119
[2023.03.01-09.28.20:175][  0]LogPakFile: PakFile PrimaryIndexSize=192
[2023.03.01-09.28.20:175][  0]LogPakFile: PakFile PathHashIndexSize=101
[2023.03.01-09.28.20:176][  0]LogPakFile: PakFile FullDirectoryIndexSize=158
[2023.03.01-09.28.20:176][  0]LogShaderLibrary: Display: ShaderCodeLibraryPakFileMountedCallback: PakFile 'C:/Program Files/Epic Games/UE_4.27/FeaturePacks/TP_VirtualRealityBP.upack' (chunk index -1, root 'root:/') mounted
[2023.03.01-09.28.20:176][  0]LogShaderLibrary: Display: ShaderCodeLibraryPakFileMountedCallback: pending pak file info (ChunkID:-1 Root:root:/ File:C:/Program Files/Epic Games/UE_4.27/FeaturePacks/TP_VirtualRealityBP.upack)
[2023.03.01-09.28.20:176][  0]LogPakFile: OnPakFileMounted2Time == 0.000095
[2023.03.01-09.28.20:288][  0]LogNativeClassHierarchy: Verbose: Native class hierarchy updated for 'AddContentDialog' in 0.0006 seconds. Added 0 classes and 0 folders.
[2023.03.01-09.28.20:294][  0]LogNativeClassHierarchy: Verbose: Native class hierarchy updated for 'SceneOutliner' in 0.0004 seconds. Added 2 classes and 0 folders.
[2023.03.01-09.28.20:710][  0]LogSlate: Only BGRA pngs, bmps or icos are supported in by External Image Picker
[2023.03.01-09.28.20:829][  0]LogSlate: Took 0.000167 seconds to synchronously load lazily loaded font '../../../Engine/Content/Slate/Fonts/Roboto-Regular.ttf' (155K)
[2023.03.01-09.28.20:831][  0]LogSlate: Took 0.000459 seconds to synchronously load lazily loaded font '../../../Engine/Content/Editor/Slate/Fonts/FontAwesome.ttf' (139K)
[2023.03.01-09.28.20:833][  0]LogSlate: Took 0.000112 seconds to synchronously load lazily loaded font '../../../Engine/Content/Slate/Fonts/Roboto-Bold.ttf' (160K)
[2023.03.01-09.28.20:928][  0]LogRenderer: Reallocating scene render targets to support 1072x492 Format 10 NumSamples 1 (Frame:1).
[2023.03.01-09.28.21:186][  0]LogNativeClassHierarchy: Verbose: Native class hierarchy updated for 'HierarchicalLODOutliner' in 0.0003 seconds. Added 0 classes and 0 folders.
[2023.03.01-09.28.21:186][  0]LogInput: Warning: Action Jump uses invalid key OculusGo_Left_Trigger_Click.
[2023.03.01-09.28.21:186][  0]LogInput: Warning: Action ResetVR uses invalid key OculusGo_Left_Trackpad_Click.
[2023.03.01-09.28.21:186][  0]LogInput: Warning: Use -RemoveInvalidKeys to remove instances of these keys from the action mapping.
[2023.03.01-09.28.21:186][  0]LogLoad: (Engine Initialization) Total time: 9.46 seconds
[2023.03.01-09.28.21:186][  0]LogLoad: (Engine Initialization) Total Blueprint compile time: 0.00 seconds
[2023.03.01-09.28.21:243][  0]LogAssetRegistry: Asset discovery search completed in 5.8906 seconds
[2023.03.01-09.28.21:250][  0]LogCollectionManager: Fixed up redirectors for 0 collections in 0.000005 seconds (updated 0 objects)
[2023.03.01-09.28.21:252][  0]LogContentStreaming: Texture pool size now 1000 MB
[2023.03.01-09.28.22:222][  4]LogLinker: Warning: Failed to load '/Game/ThirdPersonBP/Maps/Runner.Runner:PersistentLevel.Runner': Can't resolve asset name
[2023.03.01-09.28.33:756][104]LogSlate: Window 'Project Settings' being destroyed
[2023.03.01-09.28.33:760][104]LogSlate: Window 'Project Settings' being destroyed
