Log file open, 02/06/23 10:05:32
LogWindows: Failed to load 'aqProf.dll' (GetLastError=126)
LogWindows: File 'aqProf.dll' does not exist
LogWindows: Failed to load 'VtuneApi.dll' (GetLastError=126)
LogWindows: File 'VtuneApi.dll' does not exist
LogWindows: Failed to load 'VtuneApi32e.dll' (GetLastError=126)
LogWindows: File 'VtuneApi32e.dll' does not exist
LogConsoleResponse: Display: Failed to find resolution value strings in scalability ini. Falling back to default.
LogConsoleResponse: Display: Failed to find resolution value strings in scalability ini. Falling back to default.
LogInit: Display: Running engine for game: Infinite_Runner
LogPlatformFile: Not using cached read wrapper
LogTaskGraph: Started task graph with 5 named threads and 20 total threads with 3 sets of task threads.
LogStats: Stats thread started at 0.271205
LogICUInternationalization: ICU TimeZone Detection - Raw Offset: +0:00, Platform Override: ''
LogInit: Display: Loading text-based GConfig....
LogPluginManager: Mounting plugin MeshPainting
LogPluginManager: Mounting plugin XGEController
LogPluginManager: Mounting plugin Paper2D
LogPluginManager: Mounting plugin AISupport
LogPluginManager: Mounting plugin EnvironmentQueryEditor
LogPluginManager: Mounting plugin LiveLink
LogPluginManager: Mounting plugin LightPropagationVolume
LogPluginManager: Mounting plugin CameraShakePreviewer
LogPluginManager: Mounting plugin GameplayCameras
LogPluginManager: Mounting plugin OodleData
LogPluginManager: Mounting plugin OodleNetwork
LogPluginManager: Mounting plugin AnimationSharing
LogPluginManager: Mounting plugin CodeLiteSourceCodeAccess
LogPluginManager: Mounting plugin CLionSourceCodeAccess
LogPluginManager: Mounting plugin GitSourceControl
LogPluginManager: Mounting plugin KDevelopSourceCodeAccess
LogPluginManager: Mounting plugin NullSourceCodeAccess
LogPluginManager: Mounting plugin PerforceSourceControl
LogPluginManager: Mounting plugin PixWinPlugin
LogPluginManager: Mounting plugin PlasticSourceControl
LogPluginManager: Mounting plugin RiderSourceCodeAccess
LogPluginManager: Mounting plugin PropertyAccessNode
LogPluginManager: Mounting plugin PluginUtils
LogPluginManager: Mounting plugin SubversionSourceControl
LogPluginManager: Mounting plugin TextureFormatOodle
LogPluginManager: Mounting plugin UObjectPlugin
LogPluginManager: Mounting plugin VisualStudioCodeSourceCodeAccess
LogPluginManager: Mounting plugin VisualStudioSourceCodeAccess
LogPluginManager: Mounting plugin XCodeSourceCodeAccess
LogPluginManager: Mounting plugin CryptoKeys
LogPluginManager: Mounting plugin AssetManagerEditor
LogPluginManager: Mounting plugin CurveEditorTools
LogPluginManager: Mounting plugin DataValidation
LogPluginManager: Mounting plugin FacialAnimation
LogPluginManager: Mounting plugin GameplayTagsEditor
LogPluginManager: Mounting plugin GeometryMode
LogPluginManager: Mounting plugin MacGraphicsSwitching
LogPluginManager: Mounting plugin MaterialAnalyzer
LogPluginManager: Mounting plugin PluginBrowser
LogPluginManager: Mounting plugin MobileLauncherProfileWizard
LogPluginManager: Mounting plugin SpeedTreeImporter
LogPluginManager: Mounting plugin DatasmithContent
LogPluginManager: Mounting plugin VariantManagerContent
LogPluginManager: Mounting plugin Niagara
LogPluginManager: Mounting plugin LuminPlatformFeatures
LogPluginManager: Mounting plugin MagicLeap
LogPluginManager: Mounting plugin MagicLeapLightEstimation
LogPluginManager: Mounting plugin MagicLeapMedia
LogPluginManager: Mounting plugin MagicLeapPassableWorld
LogPluginManager: Mounting plugin MLSDK
LogPluginManager: Mounting plugin AndroidMedia
LogPluginManager: Mounting plugin AvfMedia
LogPluginManager: Mounting plugin ImgMedia
LogPluginManager: Mounting plugin MediaCompositing
LogPluginManager: Mounting plugin MediaPlayerEditor
LogPluginManager: Mounting plugin WebMMedia
LogPluginManager: Mounting plugin WmfMedia
LogPluginManager: Mounting plugin AlembicImporter
LogPluginManager: Mounting plugin AutomationUtils
LogPluginManager: Mounting plugin BackChannel
LogPluginManager: Mounting plugin ChaosCloth
LogPluginManager: Mounting plugin ChaosClothEditor
LogPluginManager: Mounting plugin ChaosEditor
LogPluginManager: Mounting plugin ChaosNiagara
LogPluginManager: Mounting plugin ChaosSolverPlugin
LogPluginManager: Mounting plugin CharacterAI
LogPluginManager: Mounting plugin GeometryCache
LogPluginManager: Mounting plugin GeometryCollectionPlugin
LogPluginManager: Mounting plugin ActorSequence
LogPluginManager: Mounting plugin LevelSequenceEditor
LogPluginManager: Mounting plugin MatineeToLevelSequence
LogPluginManager: Mounting plugin TemplateSequence
LogPluginManager: Mounting plugin GeometryProcessing
LogPluginManager: Mounting plugin MotoSynth
LogPluginManager: Mounting plugin OpenImageDenoise
LogPluginManager: Mounting plugin PlanarCut
LogPluginManager: Mounting plugin ProxyLODPlugin
LogPluginManager: Mounting plugin PlatformCrypto
LogPluginManager: Mounting plugin PythonScriptPlugin
LogPluginManager: Mounting plugin SkeletalReduction
LogPluginManager: Mounting plugin OnlineSubsystem
LogPluginManager: Mounting plugin OnlineSubsystemNull
LogPluginManager: Mounting plugin OnlineSubsystemUtils
LogPluginManager: Mounting plugin LauncherChunkInstaller
LogPluginManager: Mounting plugin TcpMessaging
LogPluginManager: Mounting plugin UdpMessaging
LogPluginManager: Mounting plugin ActorLayerUtilities
LogPluginManager: Mounting plugin AndroidDeviceProfileSelector
LogPluginManager: Mounting plugin AndroidMoviePlayer
LogPluginManager: Mounting plugin AndroidPermission
LogPluginManager: Mounting plugin AppleImageUtils
LogPluginManager: Mounting plugin AppleMoviePlayer
LogPluginManager: Mounting plugin ArchVisCharacter
LogPluginManager: Mounting plugin AssetTags
LogPluginManager: Mounting plugin AudioCapture
LogPluginManager: Mounting plugin AudioSynesthesia
LogPluginManager: Mounting plugin CableComponent
LogPluginManager: Mounting plugin ChunkDownloader
LogPluginManager: Mounting plugin CustomMeshComponent
LogPluginManager: Mounting plugin EditableMesh
LogPluginManager: Mounting plugin ExampleDeviceProfileSelector
LogPluginManager: Mounting plugin GoogleCloudMessaging
LogPluginManager: Mounting plugin GooglePAD
LogPluginManager: Mounting plugin ScreenshotTools
LogPluginManager: Mounting plugin IOSDeviceProfileSelector
LogPluginManager: Mounting plugin LinuxDeviceProfileSelector
LogPluginManager: Mounting plugin LocationServicesBPLibrary
LogPluginManager: Mounting plugin MobilePatchingUtils
LogPluginManager: Mounting plugin OpenXR
LogPluginManager: Mounting plugin OpenXREyeTracker
LogPluginManager: Mounting plugin OpenXRHandTracking
LogPluginManager: Mounting plugin PostSplashScreen
LogPluginManager: Mounting plugin PhysXVehicles
LogPluginManager: Mounting plugin ProceduralMeshComponent
LogPluginManager: Mounting plugin PropertyAccessEditor
LogPluginManager: Mounting plugin RuntimePhysXCooking
LogPluginManager: Mounting plugin SignificanceManager
LogPluginManager: Mounting plugin SoundFields
LogPluginManager: Mounting plugin Synthesis
LogPluginManager: Mounting plugin WebMMoviePlayer
LogPluginManager: Mounting plugin WindowsMoviePlayer
LogPluginManager: Mounting plugin Takes
LogPluginManager: Mounting plugin ContentBrowserAssetDataSource
LogPluginManager: Mounting plugin ContentBrowserClassDataSource
LogPluginManager: Mounting plugin ContentBrowserFileDataSource
LogPluginManager: Mounting plugin OnlineSubsystemGooglePlay
LogPluginManager: Mounting plugin OnlineSubsystemIOS
LogPluginManager: Mounting plugin OculusVR
LogPluginManager: Mounting plugin SteamVR
PixWinPlugin: PIX capture plugin failed to initialize! Check that the process is launched from PIX.
LogInit: Using libcurl 7.55.1-DEV
LogInit:  - built for x86_64-pc-win32
LogInit:  - supports SSL with OpenSSL/1.1.1
LogInit:  - supports HTTP deflate (compression) using libz 1.2.8
LogInit:  - other features:
LogInit:      CURL_VERSION_SSL
LogInit:      CURL_VERSION_LIBZ
LogInit:      CURL_VERSION_IPV6
LogInit:      CURL_VERSION_ASYNCHDNS
LogInit:      CURL_VERSION_LARGEFILE
LogInit:      CURL_VERSION_IDN
LogInit:  CurlRequestOptions (configurable via config and command line):
LogInit:  - bVerifyPeer = true  - Libcurl will verify peer certificate
LogInit:  - bUseHttpProxy = false  - Libcurl will NOT use HTTP proxy
LogInit:  - bDontReuseConnections = false  - Libcurl will reuse connections
LogInit:  - MaxHostConnections = 16  - Libcurl will limit the number of connections to a host
LogInit:  - LocalHostAddr = Default
LogInit:  - BufferSize = 65536
LogOnline: OSS: Creating online subsystem instance for: NULL
LogInit: WinSock: version 1.1 (2.2), MaxSocks=32767, MaxUdp=65467
LogOnline: OSS: TryLoadSubsystemAndSetDefault: Loaded subsystem for module [NULL]
LogOculusPluginWrapper: OculusPlugin initialized successfully
LogHMD: Failed initializing OVRPlugin 1.59.0
LogInit: Build: ++UE4+Release-4.27-CL-18319896
LogInit: Engine Version: 4.27.2-18319896+++UE4+Release-4.27
LogInit: Compatible Engine Version: 4.27.0-17155196+++UE4+Release-4.27
LogInit: Net CL: 17155196
LogInit: OS: Windows 10 (Release 2009) (), CPU: Intel(R) Core(TM) i5-9400F CPU @ 2.90GHz, GPU: NVIDIA GeForce GTX 1660
LogInit: Compiled (64-bit): Nov 30 2021 07:12:08
LogInit: Compiled with Visual C++: 19.24.28315.00
LogInit: Build Configuration: Development
LogInit: Branch Name: ++UE4+Release-4.27
LogInit: Command Line:  -EpicPortal -epicusername=TearXo -epicuserid=ce9eed9e733641ce864e8ea9d1ed7b36 -epiclocale=en -epicsandboxid=ue
LogInit: Base Directory: C:/Program Files/Epic Games/UE_4.27/Engine/Binaries/Win64/
LogInit: Allocator: TBB
LogInit: Installed Engine Build: 1
LogDevObjectVersion: Number of dev versions registered: 29
LogDevObjectVersion:   Dev-Blueprints (B0D832E4-1F89-4F0D-ACCF-7EB736FD4AA2): 10
LogDevObjectVersion:   Dev-Build (E1C64328-A22C-4D53-A36C-8E866417BD8C): 0
LogDevObjectVersion:   Dev-Core (375EC13C-06E4-48FB-B500-84F0262A717E): 4
LogDevObjectVersion:   Dev-Editor (E4B068ED-F494-42E9-A231-DA0B2E46BB41): 40
LogDevObjectVersion:   Dev-Framework (CFFC743F-43B0-4480-9391-14DF171D2073): 37
LogDevObjectVersion:   Dev-Mobile (B02B49B5-BB20-44E9-A304-32B752E40360): 3
LogDevObjectVersion:   Dev-Networking (A4E4105C-59A1-49B5-A7C5-40C4547EDFEE): 0
LogDevObjectVersion:   Dev-Online (39C831C9-5AE6-47DC-9A44-9C173E1C8E7C): 0
LogDevObjectVersion:   Dev-Physics (78F01B33-EBEA-4F98-B9B4-84EACCB95AA2): 14
LogDevObjectVersion:   Dev-Platform (6631380F-2D4D-43E0-8009-CF276956A95A): 0
LogDevObjectVersion:   Dev-Rendering (12F88B9F-8875-4AFC-A67C-D90C383ABD29): 45
LogDevObjectVersion:   Dev-Sequencer (7B5AE74C-D270-4C10-A958-57980B212A5A): 13
LogDevObjectVersion:   Dev-VR (D7296918-1DD6-4BDD-9DE2-64A83CC13884): 3
LogDevObjectVersion:   Dev-LoadTimes (C2A15278-BFE7-4AFE-6C17-90FF531DF755): 1
LogDevObjectVersion:   Private-Geometry (6EACA3D4-40EC-4CC1-B786-8BED09428FC5): 3
LogDevObjectVersion:   Dev-AnimPhys (29E575DD-E0A3-4627-9D10-D276232CDCEA): 17
LogDevObjectVersion:   Dev-Anim (AF43A65D-7FD3-4947-9873-3E8ED9C1BB05): 15
LogDevObjectVersion:   Dev-ReflectionCapture (6B266CEC-1EC7-4B8F-A30B-E4D90942FC07): 1
LogDevObjectVersion:   Dev-Automation (0DF73D61-A23F-47EA-B727-89E90C41499A): 1
LogDevObjectVersion:   FortniteMain (601D1886-AC64-4F84-AA16-D3DE0DEAC7D6): 47
LogDevObjectVersion:   FortniteRelease (E7086368-6B23-4C58-8439-1B7016265E91): 1
LogDevObjectVersion:   Dev-Enterprise (9DFFBCD6-494F-0158-E221-12823C92A888): 10
LogDevObjectVersion:   Dev-Niagara (F2AED0AC-9AFE-416F-8664-AA7FFA26D6FC): 1
LogDevObjectVersion:   Dev-Destruction (174F1F0B-B4C6-45A5-B13F-2EE8D0FB917D): 10
LogDevObjectVersion:   Dev-Physics-Ext (35F94A83-E258-406C-A318-09F59610247C): 41
LogDevObjectVersion:   Dev-PhysicsMaterial-Chaos (B68FC16E-8B1B-42E2-B453-215C058844FE): 1
LogDevObjectVersion:   Dev-CineCamera (B2E18506-4273-CFC2-A54E-F4BB758BBA07): 1
LogDevObjectVersion:   Dev-VirtualProduction (64F58936-FD1B-42BA-BA96-7289D5D0FA4E): 1
LogDevObjectVersion:   Dev-MediaFramework (6F0ED827-A609-4895-9C91-998D90180EA4): 2
LogInit: Presizing for max 25165824 objects, including 0 objects not considered by GC, pre-allocating 0 bytes for permanent pool.
LogConfig: Applying CVar settings from Section [/Script/Engine.StreamingSettings] File [C:/Users/km05260232/Documents/GitHub/Infinite-Runner-Unreal/Saved/Config/Windows/Engine.ini]
LogConfig: Setting CVar [[s.MinBulkDataSizeForAsyncLoading:131072]]
LogConfig: Setting CVar [[s.AsyncLoadingThreadEnabled:0]]
LogConfig: Setting CVar [[s.EventDrivenLoaderEnabled:1]]
LogConfig: Setting CVar [[s.WarnIfTimeLimitExceeded:0]]
LogConfig: Setting CVar [[s.TimeLimitExceededMultiplier:1.5]]
LogConfig: Setting CVar [[s.TimeLimitExceededMinTime:0.005]]
LogConfig: Setting CVar [[s.UseBackgroundLevelStreaming:1]]
LogConfig: Setting CVar [[s.PriorityAsyncLoadingExtraTime:15.0]]
LogConfig: Setting CVar [[s.LevelStreamingActorsUpdateTimeLimit:5.0]]
LogConfig: Setting CVar [[s.PriorityLevelStreamingActorsUpdateExtraTime:5.0]]
LogConfig: Setting CVar [[s.LevelStreamingComponentsRegistrationGranularity:10]]
LogConfig: Setting CVar [[s.UnregisterComponentsTimeLimit:1.0]]
LogConfig: Setting CVar [[s.LevelStreamingComponentsUnregistrationGranularity:5]]
LogConfig: Setting CVar [[s.FlushStreamingOnExit:1]]
LogInit: Object subsystem initialized
LogConfig: Setting CVar [[con.DebugEarlyDefault:1]]
LogConfig: Setting CVar [[r.setres:1280x720]]
[2023.02.06-10.05.33:062][  0]LogConfig: Setting CVar [[r.VSync:0]]
[2023.02.06-10.05.33:062][  0]LogConfig: Setting CVar [[r.RHICmdBypass:0]]
[2023.02.06-10.05.33:062][  0]LogConfig: Applying CVar settings from Section [/Script/Engine.RendererSettings] File [C:/Users/km05260232/Documents/GitHub/Infinite-Runner-Unreal/Saved/Config/Windows/Engine.ini]
[2023.02.06-10.05.33:062][  0]LogConfig: Setting CVar [[r.GPUCrashDebugging:0]]
[2023.02.06-10.05.33:062][  0]LogConfig: Setting CVar [[r.DefaultFeature.AutoExposure:0]]
[2023.02.06-10.05.33:062][  0]LogConfig: Applying CVar settings from Section [/Script/Engine.RendererOverrideSettings] File [C:/Users/km05260232/Documents/GitHub/Infinite-Runner-Unreal/Saved/Config/Windows/Engine.ini]
[2023.02.06-10.05.33:062][  0]LogConfig: Applying CVar settings from Section [/Script/Engine.StreamingSettings] File [C:/Users/km05260232/Documents/GitHub/Infinite-Runner-Unreal/Saved/Config/Windows/Engine.ini]
[2023.02.06-10.05.33:062][  0]LogConfig: Setting CVar [[s.MinBulkDataSizeForAsyncLoading:131072]]
[2023.02.06-10.05.33:062][  0]LogConfig: Setting CVar [[s.AsyncLoadingThreadEnabled:0]]
[2023.02.06-10.05.33:062][  0]LogConfig: Setting CVar [[s.EventDrivenLoaderEnabled:1]]
[2023.02.06-10.05.33:062][  0]LogConfig: Setting CVar [[s.WarnIfTimeLimitExceeded:0]]
[2023.02.06-10.05.33:062][  0]LogConfig: Setting CVar [[s.TimeLimitExceededMultiplier:1.5]]
[2023.02.06-10.05.33:062][  0]LogConfig: Setting CVar [[s.TimeLimitExceededMinTime:0.005]]
[2023.02.06-10.05.33:062][  0]LogConfig: Setting CVar [[s.UseBackgroundLevelStreaming:1]]
[2023.02.06-10.05.33:062][  0]LogConfig: Setting CVar [[s.PriorityAsyncLoadingExtraTime:15.0]]
[2023.02.06-10.05.33:062][  0]LogConfig: Setting CVar [[s.LevelStreamingActorsUpdateTimeLimit:5.0]]
[2023.02.06-10.05.33:062][  0]LogConfig: Setting CVar [[s.PriorityLevelStreamingActorsUpdateExtraTime:5.0]]
[2023.02.06-10.05.33:062][  0]LogConfig: Setting CVar [[s.LevelStreamingComponentsRegistrationGranularity:10]]
[2023.02.06-10.05.33:062][  0]LogConfig: Setting CVar [[s.UnregisterComponentsTimeLimit:1.0]]
[2023.02.06-10.05.33:062][  0]LogConfig: Setting CVar [[s.LevelStreamingComponentsUnregistrationGranularity:5]]
[2023.02.06-10.05.33:062][  0]LogConfig: Setting CVar [[s.FlushStreamingOnExit:1]]
[2023.02.06-10.05.33:062][  0]LogConfig: Applying CVar settings from Section [/Script/Engine.GarbageCollectionSettings] File [C:/Users/km05260232/Documents/GitHub/Infinite-Runner-Unreal/Saved/Config/Windows/Engine.ini]
[2023.02.06-10.05.33:062][  0]LogConfig: Setting CVar [[gc.MaxObjectsNotConsideredByGC:1]]
[2023.02.06-10.05.33:062][  0]LogConfig: Setting CVar [[gc.SizeOfPermanentObjectPool:0]]
[2023.02.06-10.05.33:062][  0]LogConfig: Setting CVar [[gc.FlushStreamingOnGC:0]]
[2023.02.06-10.05.33:062][  0]LogConfig: Setting CVar [[gc.NumRetriesBeforeForcingGC:10]]
[2023.02.06-10.05.33:062][  0]LogConfig: Setting CVar [[gc.AllowParallelGC:1]]
[2023.02.06-10.05.33:062][  0]LogConfig: Setting CVar [[gc.TimeBetweenPurgingPendingKillObjects:61.1]]
[2023.02.06-10.05.33:062][  0]LogConfig: Setting CVar [[gc.MaxObjectsInEditor:25165824]]
[2023.02.06-10.05.33:062][  0]LogConfig: Setting CVar [[gc.IncrementalBeginDestroyEnabled:1]]
[2023.02.06-10.05.33:062][  0]LogConfig: Setting CVar [[gc.CreateGCClusters:1]]
[2023.02.06-10.05.33:062][  0]LogConfig: Setting CVar [[gc.MinGCClusterSize:5]]
[2023.02.06-10.05.33:062][  0]LogConfig: Setting CVar [[gc.ActorClusteringEnabled:0]]
[2023.02.06-10.05.33:062][  0]LogConfig: Setting CVar [[gc.BlueprintClusteringEnabled:0]]
[2023.02.06-10.05.33:062][  0]LogConfig: Setting CVar [[gc.UseDisregardForGCOnDedicatedServers:0]]
[2023.02.06-10.05.33:062][  0]LogConfig: Setting CVar [[gc.MultithreadedDestructionEnabled:1]]
[2023.02.06-10.05.33:062][  0]LogConfig: Applying CVar settings from Section [/Script/Engine.NetworkSettings] File [C:/Users/km05260232/Documents/GitHub/Infinite-Runner-Unreal/Saved/Config/Windows/Engine.ini]
[2023.02.06-10.05.33:062][  0]LogConfig: Applying CVar settings from Section [/Script/UnrealEd.CookerSettings] File [C:/Users/km05260232/Documents/GitHub/Infinite-Runner-Unreal/Saved/Config/Windows/Engine.ini]
[2023.02.06-10.05.33:069][  0]LogConfig: Applying CVar settings from Section [ViewDistanceQuality@3] File [C:/Users/km05260232/Documents/GitHub/Infinite-Runner-Unreal/Saved/Config/Windows/Scalability.ini]
[2023.02.06-10.05.33:069][  0]LogConfig: Setting CVar [[r.SkeletalMeshLODBias:0]]
[2023.02.06-10.05.33:069][  0]LogConfig: Setting CVar [[r.ViewDistanceScale:1.0]]
[2023.02.06-10.05.33:069][  0]LogConfig: Applying CVar settings from Section [AntiAliasingQuality@3] File [C:/Users/km05260232/Documents/GitHub/Infinite-Runner-Unreal/Saved/Config/Windows/Scalability.ini]
[2023.02.06-10.05.33:069][  0]LogConfig: Setting CVar [[r.PostProcessAAQuality:4]]
[2023.02.06-10.05.33:069][  0]LogConfig: Applying CVar settings from Section [ShadowQuality@3] File [C:/Users/km05260232/Documents/GitHub/Infinite-Runner-Unreal/Saved/Config/Windows/Scalability.ini]
[2023.02.06-10.05.33:069][  0]LogConfig: Setting CVar [[r.LightFunctionQuality:1]]
[2023.02.06-10.05.33:069][  0]LogConfig: Setting CVar [[r.ShadowQuality:5]]
[2023.02.06-10.05.33:069][  0]LogConfig: Setting CVar [[r.Shadow.CSM.MaxCascades:10]]
[2023.02.06-10.05.33:069][  0]LogConfig: Setting CVar [[r.Shadow.MaxResolution:2048]]
[2023.02.06-10.05.33:069][  0]LogConfig: Setting CVar [[r.Shadow.MaxCSMResolution:2048]]
[2023.02.06-10.05.33:069][  0]LogConfig: Setting CVar [[r.Shadow.RadiusThreshold:0.01]]
[2023.02.06-10.05.33:069][  0]LogConfig: Setting CVar [[r.Shadow.DistanceScale:1.0]]
[2023.02.06-10.05.33:069][  0]LogConfig: Setting CVar [[r.Shadow.CSM.TransitionScale:1.0]]
[2023.02.06-10.05.33:069][  0]LogConfig: Setting CVar [[r.Shadow.PreShadowResolutionFactor:1.0]]
[2023.02.06-10.05.33:069][  0]LogConfig: Setting CVar [[r.DistanceFieldShadowing:1]]
[2023.02.06-10.05.33:069][  0]LogConfig: Setting CVar [[r.DistanceFieldAO:1]]
[2023.02.06-10.05.33:069][  0]LogConfig: Setting CVar [[r.AOQuality:2]]
[2023.02.06-10.05.33:069][  0]LogConfig: Setting CVar [[r.VolumetricFog:1]]
[2023.02.06-10.05.33:069][  0]LogConfig: Setting CVar [[r.VolumetricFog.GridPixelSize:8]]
[2023.02.06-10.05.33:069][  0]LogConfig: Setting CVar [[r.VolumetricFog.GridSizeZ:128]]
[2023.02.06-10.05.33:069][  0]LogConfig: Setting CVar [[r.VolumetricFog.HistoryMissSupersampleCount:4]]
[2023.02.06-10.05.33:069][  0]LogConfig: Setting CVar [[r.LightMaxDrawDistanceScale:1]]
[2023.02.06-10.05.33:069][  0]LogConfig: Setting CVar [[r.CapsuleShadows:1]]
[2023.02.06-10.05.33:069][  0]LogConfig: Applying CVar settings from Section [PostProcessQuality@3] File [C:/Users/km05260232/Documents/GitHub/Infinite-Runner-Unreal/Saved/Config/Windows/Scalability.ini]
[2023.02.06-10.05.33:069][  0]LogConfig: Setting CVar [[r.MotionBlurQuality:4]]
[2023.02.06-10.05.33:069][  0]LogConfig: Setting CVar [[r.AmbientOcclusionMipLevelFactor:0.4]]
[2023.02.06-10.05.33:069][  0]LogConfig: Setting CVar [[r.AmbientOcclusionMaxQuality:100]]
[2023.02.06-10.05.33:069][  0]LogConfig: Setting CVar [[r.AmbientOcclusionLevels:-1]]
[2023.02.06-10.05.33:069][  0]LogConfig: Setting CVar [[r.AmbientOcclusionRadiusScale:1.0]]
[2023.02.06-10.05.33:069][  0]LogConfig: Setting CVar [[r.DepthOfFieldQuality:2]]
[2023.02.06-10.05.33:069][  0]LogConfig: Setting CVar [[r.RenderTargetPoolMin:400]]
[2023.02.06-10.05.33:069][  0]LogConfig: Setting CVar [[r.LensFlareQuality:2]]
[2023.02.06-10.05.33:069][  0]LogConfig: Setting CVar [[r.SceneColorFringeQuality:1]]
[2023.02.06-10.05.33:069][  0]LogConfig: Setting CVar [[r.EyeAdaptationQuality:2]]
[2023.02.06-10.05.33:069][  0]LogConfig: Setting CVar [[r.BloomQuality:5]]
[2023.02.06-10.05.33:069][  0]LogConfig: Setting CVar [[r.FastBlurThreshold:100]]
[2023.02.06-10.05.33:069][  0]LogConfig: Setting CVar [[r.Upscale.Quality:3]]
[2023.02.06-10.05.33:069][  0]LogConfig: Setting CVar [[r.Tonemapper.GrainQuantization:1]]
[2023.02.06-10.05.33:069][  0]LogConfig: Setting CVar [[r.LightShaftQuality:1]]
[2023.02.06-10.05.33:069][  0]LogConfig: Setting CVar [[r.Filter.SizeScale:1]]
[2023.02.06-10.05.33:069][  0]LogConfig: Setting CVar [[r.Tonemapper.Quality:5]]
[2023.02.06-10.05.33:069][  0]LogConfig: Setting CVar [[r.DOF.Gather.AccumulatorQuality:1        ; higher gathering accumulator quality]]
[2023.02.06-10.05.33:069][  0]LogConfig: Setting CVar [[r.DOF.Gather.PostfilterMethod:1          ; Median3x3 postfilering method]]
[2023.02.06-10.05.33:069][  0]LogConfig: Setting CVar [[r.DOF.Gather.EnableBokehSettings:0       ; no bokeh simulation when gathering]]
[2023.02.06-10.05.33:069][  0]LogConfig: Setting CVar [[r.DOF.Gather.RingCount:4                 ; medium number of samples when gathering]]
[2023.02.06-10.05.33:069][  0]LogConfig: Setting CVar [[r.DOF.Scatter.ForegroundCompositing:1    ; additive foreground scattering]]
[2023.02.06-10.05.33:069][  0]LogConfig: Setting CVar [[r.DOF.Scatter.BackgroundCompositing:2    ; additive background scattering]]
[2023.02.06-10.05.33:069][  0]LogConfig: Setting CVar [[r.DOF.Scatter.EnableBokehSettings:1      ; bokeh simulation when scattering]]
[2023.02.06-10.05.33:069][  0]LogConfig: Setting CVar [[r.DOF.Scatter.MaxSpriteRatio:0.1         ; only a maximum of 10% of scattered bokeh]]
[2023.02.06-10.05.33:069][  0]LogConfig: Setting CVar [[r.DOF.Recombine.Quality:1                ; cheap slight out of focus]]
[2023.02.06-10.05.33:069][  0]LogConfig: Setting CVar [[r.DOF.Recombine.EnableBokehSettings:0    ; no bokeh simulation on slight out of focus]]
[2023.02.06-10.05.33:069][  0]LogConfig: Setting CVar [[r.DOF.TemporalAAQuality:1                ; more stable temporal accumulation]]
[2023.02.06-10.05.33:069][  0]LogConfig: Setting CVar [[r.DOF.Kernel.MaxForegroundRadius:0.025]]
[2023.02.06-10.05.33:069][  0]LogConfig: Setting CVar [[r.DOF.Kernel.MaxBackgroundRadius:0.025]]
[2023.02.06-10.05.33:069][  0]LogConfig: Applying CVar settings from Section [TextureQuality@3] File [C:/Users/km05260232/Documents/GitHub/Infinite-Runner-Unreal/Saved/Config/Windows/Scalability.ini]
[2023.02.06-10.05.33:069][  0]LogConfig: Setting CVar [[r.Streaming.MipBias:0]]
[2023.02.06-10.05.33:069][  0]LogConfig: Setting CVar [[r.Streaming.AmortizeCPUToGPUCopy:0]]
[2023.02.06-10.05.33:069][  0]LogConfig: Setting CVar [[r.Streaming.MaxNumTexturesToStreamPerFrame:0]]
[2023.02.06-10.05.33:069][  0]LogConfig: Setting CVar [[r.Streaming.Boost:1]]
[2023.02.06-10.05.33:069][  0]LogConfig: Setting CVar [[r.MaxAnisotropy:8]]
[2023.02.06-10.05.33:069][  0]LogConfig: Setting CVar [[r.VT.MaxAnisotropy:8]]
[2023.02.06-10.05.33:069][  0]LogConfig: Setting CVar [[r.Streaming.LimitPoolSizeToVRAM:0]]
[2023.02.06-10.05.33:069][  0]LogConfig: Setting CVar [[r.Streaming.PoolSize:1000]]
[2023.02.06-10.05.33:069][  0]LogConfig: Setting CVar [[r.Streaming.MaxEffectiveScreenSize:0]]
[2023.02.06-10.05.33:070][  0]LogConfig: Applying CVar settings from Section [EffectsQuality@3] File [C:/Users/km05260232/Documents/GitHub/Infinite-Runner-Unreal/Saved/Config/Windows/Scalability.ini]
[2023.02.06-10.05.33:070][  0]LogConfig: Setting CVar [[r.TranslucencyLightingVolumeDim:64]]
[2023.02.06-10.05.33:070][  0]LogConfig: Setting CVar [[r.RefractionQuality:2]]
[2023.02.06-10.05.33:070][  0]LogConfig: Setting CVar [[r.SSR.Quality:3]]
[2023.02.06-10.05.33:070][  0]LogConfig: Setting CVar [[r.SSR.HalfResSceneColor:0]]
[2023.02.06-10.05.33:070][  0]LogConfig: Setting CVar [[r.SceneColorFormat:4]]
[2023.02.06-10.05.33:070][  0]LogConfig: Setting CVar [[r.DetailMode:2]]
[2023.02.06-10.05.33:070][  0]LogConfig: Setting CVar [[r.TranslucencyVolumeBlur:1]]
[2023.02.06-10.05.33:070][  0]LogConfig: Setting CVar [[r.MaterialQualityLevel:1 ; High quality]]
[2023.02.06-10.05.33:070][  0]LogConfig: Setting CVar [[r.AnisotropicMaterials:1]]
[2023.02.06-10.05.33:070][  0]LogConfig: Setting CVar [[r.SSS.Scale:1]]
[2023.02.06-10.05.33:070][  0]LogConfig: Setting CVar [[r.SSS.SampleSet:2]]
[2023.02.06-10.05.33:070][  0]LogConfig: Setting CVar [[r.SSS.Quality:1]]
[2023.02.06-10.05.33:070][  0]LogConfig: Setting CVar [[r.SSS.HalfRes:0]]
[2023.02.06-10.05.33:070][  0]LogConfig: Setting CVar [[r.SSGI.Quality:3]]
[2023.02.06-10.05.33:070][  0]LogConfig: Setting CVar [[r.EmitterSpawnRateScale:1.0]]
[2023.02.06-10.05.33:070][  0]LogConfig: Setting CVar [[r.ParticleLightQuality:2]]
[2023.02.06-10.05.33:070][  0]LogConfig: Setting CVar [[r.SkyAtmosphere.AerialPerspectiveLUT.FastApplyOnOpaque:1 ; Always have FastSkyLUT 1 in this case to avoid wrong sky]]
[2023.02.06-10.05.33:070][  0]LogConfig: Setting CVar [[r.SkyAtmosphere.AerialPerspectiveLUT.SampleCountMaxPerSlice:4]]
[2023.02.06-10.05.33:070][  0]LogConfig: Setting CVar [[r.SkyAtmosphere.AerialPerspectiveLUT.DepthResolution:16.0]]
[2023.02.06-10.05.33:070][  0]LogConfig: Setting CVar [[r.SkyAtmosphere.FastSkyLUT:1]]
[2023.02.06-10.05.33:070][  0]LogConfig: Setting CVar [[r.SkyAtmosphere.FastSkyLUT.SampleCountMin:4.0]]
[2023.02.06-10.05.33:070][  0]LogConfig: Setting CVar [[r.SkyAtmosphere.FastSkyLUT.SampleCountMax:128.0]]
[2023.02.06-10.05.33:070][  0]LogConfig: Setting CVar [[r.SkyAtmosphere.SampleCountMin:4.0]]
[2023.02.06-10.05.33:070][  0]LogConfig: Setting CVar [[r.SkyAtmosphere.SampleCountMax:128.0]]
[2023.02.06-10.05.33:070][  0]LogConfig: Setting CVar [[r.SkyAtmosphere.TransmittanceLUT.UseSmallFormat:0]]
[2023.02.06-10.05.33:070][  0]LogConfig: Setting CVar [[r.SkyAtmosphere.TransmittanceLUT.SampleCount:10.0]]
[2023.02.06-10.05.33:070][  0]LogConfig: Setting CVar [[r.SkyAtmosphere.MultiScatteringLUT.SampleCount:15.0]]
[2023.02.06-10.05.33:070][  0]LogConfig: Setting CVar [[r.SkyLight.RealTimeReflectionCapture:1]]
[2023.02.06-10.05.33:070][  0]LogConfig: Applying CVar settings from Section [FoliageQuality@3] File [C:/Users/km05260232/Documents/GitHub/Infinite-Runner-Unreal/Saved/Config/Windows/Scalability.ini]
[2023.02.06-10.05.33:070][  0]LogConfig: Setting CVar [[foliage.DensityScale:1.0]]
[2023.02.06-10.05.33:070][  0]LogConfig: Setting CVar [[grass.DensityScale:1.0]]
[2023.02.06-10.05.33:070][  0]LogConfig: Applying CVar settings from Section [ShadingQuality@3] File [C:/Users/km05260232/Documents/GitHub/Infinite-Runner-Unreal/Saved/Config/Windows/Scalability.ini]
[2023.02.06-10.05.33:070][  0]LogConfig: Setting CVar [[r.HairStrands.SkyLighting.IntegrationType:2]]
[2023.02.06-10.05.33:070][  0]LogConfig: Setting CVar [[r.HairStrands.SkyAO.SampleCount:4]]
[2023.02.06-10.05.33:070][  0]LogConfig: Setting CVar [[r.HairStrands.Visibility.MSAA.SamplePerPixel:4]]
[2023.02.06-10.05.33:070][  0]LogInit: Selected Device Profile: [Windows]
[2023.02.06-10.05.33:070][  0]LogInit: Applying CVar settings loaded from the selected device profile: [Windows]
[2023.02.06-10.05.33:070][  0]LogHAL: Display: Platform has ~ 16 GB [17125564416 / 17179869184 / 16], which maps to Larger [LargestMinGB=32, LargerMinGB=12, DefaultMinGB=8, SmallerMinGB=6, SmallestMinGB=0)
[2023.02.06-10.05.33:070][  0]LogInit: Going up to parent DeviceProfile []
[2023.02.06-10.05.33:070][  0]LogConfig: Applying CVar settings from Section [ViewDistanceQuality@3] File [C:/Users/km05260232/Documents/GitHub/Infinite-Runner-Unreal/Saved/Config/Windows/Scalability.ini]
[2023.02.06-10.05.33:070][  0]LogConfig: Setting CVar [[r.SkeletalMeshLODBias:0]]
[2023.02.06-10.05.33:070][  0]LogConfig: Setting CVar [[r.ViewDistanceScale:1.0]]
[2023.02.06-10.05.33:070][  0]LogConfig: Applying CVar settings from Section [AntiAliasingQuality@3] File [C:/Users/km05260232/Documents/GitHub/Infinite-Runner-Unreal/Saved/Config/Windows/Scalability.ini]
[2023.02.06-10.05.33:070][  0]LogConfig: Setting CVar [[r.PostProcessAAQuality:4]]
[2023.02.06-10.05.33:070][  0]LogConfig: Applying CVar settings from Section [ShadowQuality@3] File [C:/Users/km05260232/Documents/GitHub/Infinite-Runner-Unreal/Saved/Config/Windows/Scalability.ini]
[2023.02.06-10.05.33:070][  0]LogConfig: Setting CVar [[r.LightFunctionQuality:1]]
[2023.02.06-10.05.33:070][  0]LogConfig: Setting CVar [[r.ShadowQuality:5]]
[2023.02.06-10.05.33:070][  0]LogConfig: Setting CVar [[r.Shadow.CSM.MaxCascades:10]]
[2023.02.06-10.05.33:070][  0]LogConfig: Setting CVar [[r.Shadow.MaxResolution:2048]]
[2023.02.06-10.05.33:070][  0]LogConfig: Setting CVar [[r.Shadow.MaxCSMResolution:2048]]
[2023.02.06-10.05.33:070][  0]LogConfig: Setting CVar [[r.Shadow.RadiusThreshold:0.01]]
[2023.02.06-10.05.33:070][  0]LogConfig: Setting CVar [[r.Shadow.DistanceScale:1.0]]
[2023.02.06-10.05.33:070][  0]LogConfig: Setting CVar [[r.Shadow.CSM.TransitionScale:1.0]]
[2023.02.06-10.05.33:070][  0]LogConfig: Setting CVar [[r.Shadow.PreShadowResolutionFactor:1.0]]
[2023.02.06-10.05.33:070][  0]LogConfig: Setting CVar [[r.DistanceFieldShadowing:1]]
[2023.02.06-10.05.33:070][  0]LogConfig: Setting CVar [[r.DistanceFieldAO:1]]
[2023.02.06-10.05.33:070][  0]LogConfig: Setting CVar [[r.AOQuality:2]]
[2023.02.06-10.05.33:070][  0]LogConfig: Setting CVar [[r.VolumetricFog:1]]
[2023.02.06-10.05.33:070][  0]LogConfig: Setting CVar [[r.VolumetricFog.GridPixelSize:8]]
[2023.02.06-10.05.33:070][  0]LogConfig: Setting CVar [[r.VolumetricFog.GridSizeZ:128]]
[2023.02.06-10.05.33:070][  0]LogConfig: Setting CVar [[r.VolumetricFog.HistoryMissSupersampleCount:4]]
[2023.02.06-10.05.33:070][  0]LogConfig: Setting CVar [[r.LightMaxDrawDistanceScale:1]]
[2023.02.06-10.05.33:070][  0]LogConfig: Setting CVar [[r.CapsuleShadows:1]]
[2023.02.06-10.05.33:070][  0]LogConfig: Applying CVar settings from Section [PostProcessQuality@3] File [C:/Users/km05260232/Documents/GitHub/Infinite-Runner-Unreal/Saved/Config/Windows/Scalability.ini]
[2023.02.06-10.05.33:070][  0]LogConfig: Setting CVar [[r.MotionBlurQuality:4]]
[2023.02.06-10.05.33:070][  0]LogConfig: Setting CVar [[r.AmbientOcclusionMipLevelFactor:0.4]]
[2023.02.06-10.05.33:070][  0]LogConfig: Setting CVar [[r.AmbientOcclusionMaxQuality:100]]
[2023.02.06-10.05.33:070][  0]LogConfig: Setting CVar [[r.AmbientOcclusionLevels:-1]]
[2023.02.06-10.05.33:070][  0]LogConfig: Setting CVar [[r.AmbientOcclusionRadiusScale:1.0]]
[2023.02.06-10.05.33:070][  0]LogConfig: Setting CVar [[r.DepthOfFieldQuality:2]]
[2023.02.06-10.05.33:070][  0]LogConfig: Setting CVar [[r.RenderTargetPoolMin:400]]
[2023.02.06-10.05.33:070][  0]LogConfig: Setting CVar [[r.LensFlareQuality:2]]
[2023.02.06-10.05.33:070][  0]LogConfig: Setting CVar [[r.SceneColorFringeQuality:1]]
[2023.02.06-10.05.33:070][  0]LogConfig: Setting CVar [[r.EyeAdaptationQuality:2]]
[2023.02.06-10.05.33:070][  0]LogConfig: Setting CVar [[r.BloomQuality:5]]
[2023.02.06-10.05.33:070][  0]LogConfig: Setting CVar [[r.FastBlurThreshold:100]]
[2023.02.06-10.05.33:071][  0]LogConfig: Setting CVar [[r.Upscale.Quality:3]]
[2023.02.06-10.05.33:071][  0]LogConfig: Setting CVar [[r.Tonemapper.GrainQuantization:1]]
[2023.02.06-10.05.33:071][  0]LogConfig: Setting CVar [[r.LightShaftQuality:1]]
[2023.02.06-10.05.33:071][  0]LogConfig: Setting CVar [[r.Filter.SizeScale:1]]
[2023.02.06-10.05.33:071][  0]LogConfig: Setting CVar [[r.Tonemapper.Quality:5]]
[2023.02.06-10.05.33:071][  0]LogConfig: Setting CVar [[r.DOF.Gather.AccumulatorQuality:1        ; higher gathering accumulator quality]]
[2023.02.06-10.05.33:071][  0]LogConfig: Setting CVar [[r.DOF.Gather.PostfilterMethod:1          ; Median3x3 postfilering method]]
[2023.02.06-10.05.33:071][  0]LogConfig: Setting CVar [[r.DOF.Gather.EnableBokehSettings:0       ; no bokeh simulation when gathering]]
[2023.02.06-10.05.33:071][  0]LogConfig: Setting CVar [[r.DOF.Gather.RingCount:4                 ; medium number of samples when gathering]]
[2023.02.06-10.05.33:071][  0]LogConfig: Setting CVar [[r.DOF.Scatter.ForegroundCompositing:1    ; additive foreground scattering]]
[2023.02.06-10.05.33:071][  0]LogConfig: Setting CVar [[r.DOF.Scatter.BackgroundCompositing:2    ; additive background scattering]]
[2023.02.06-10.05.33:071][  0]LogConfig: Setting CVar [[r.DOF.Scatter.EnableBokehSettings:1      ; bokeh simulation when scattering]]
[2023.02.06-10.05.33:071][  0]LogConfig: Setting CVar [[r.DOF.Scatter.MaxSpriteRatio:0.1         ; only a maximum of 10% of scattered bokeh]]
[2023.02.06-10.05.33:071][  0]LogConfig: Setting CVar [[r.DOF.Recombine.Quality:1                ; cheap slight out of focus]]
[2023.02.06-10.05.33:071][  0]LogConfig: Setting CVar [[r.DOF.Recombine.EnableBokehSettings:0    ; no bokeh simulation on slight out of focus]]
[2023.02.06-10.05.33:071][  0]LogConfig: Setting CVar [[r.DOF.TemporalAAQuality:1                ; more stable temporal accumulation]]
[2023.02.06-10.05.33:071][  0]LogConfig: Setting CVar [[r.DOF.Kernel.MaxForegroundRadius:0.025]]
[2023.02.06-10.05.33:071][  0]LogConfig: Setting CVar [[r.DOF.Kernel.MaxBackgroundRadius:0.025]]
[2023.02.06-10.05.33:071][  0]LogConfig: Applying CVar settings from Section [TextureQuality@3] File [C:/Users/km05260232/Documents/GitHub/Infinite-Runner-Unreal/Saved/Config/Windows/Scalability.ini]
[2023.02.06-10.05.33:071][  0]LogConfig: Setting CVar [[r.Streaming.MipBias:0]]
[2023.02.06-10.05.33:071][  0]LogConfig: Setting CVar [[r.Streaming.AmortizeCPUToGPUCopy:0]]
[2023.02.06-10.05.33:071][  0]LogConfig: Setting CVar [[r.Streaming.MaxNumTexturesToStreamPerFrame:0]]
[2023.02.06-10.05.33:071][  0]LogConfig: Setting CVar [[r.Streaming.Boost:1]]
[2023.02.06-10.05.33:071][  0]LogConfig: Setting CVar [[r.MaxAnisotropy:8]]
[2023.02.06-10.05.33:071][  0]LogConfig: Setting CVar [[r.VT.MaxAnisotropy:8]]
[2023.02.06-10.05.33:071][  0]LogConfig: Setting CVar [[r.Streaming.LimitPoolSizeToVRAM:0]]
[2023.02.06-10.05.33:071][  0]LogConfig: Setting CVar [[r.Streaming.PoolSize:1000]]
[2023.02.06-10.05.33:071][  0]LogConfig: Setting CVar [[r.Streaming.MaxEffectiveScreenSize:0]]
[2023.02.06-10.05.33:071][  0]LogConfig: Applying CVar settings from Section [EffectsQuality@3] File [C:/Users/km05260232/Documents/GitHub/Infinite-Runner-Unreal/Saved/Config/Windows/Scalability.ini]
[2023.02.06-10.05.33:071][  0]LogConfig: Setting CVar [[r.TranslucencyLightingVolumeDim:64]]
[2023.02.06-10.05.33:071][  0]LogConfig: Setting CVar [[r.RefractionQuality:2]]
[2023.02.06-10.05.33:071][  0]LogConfig: Setting CVar [[r.SSR.Quality:3]]
[2023.02.06-10.05.33:071][  0]LogConfig: Setting CVar [[r.SSR.HalfResSceneColor:0]]
[2023.02.06-10.05.33:071][  0]LogConfig: Setting CVar [[r.SceneColorFormat:4]]
[2023.02.06-10.05.33:071][  0]LogConfig: Setting CVar [[r.DetailMode:2]]
[2023.02.06-10.05.33:071][  0]LogConfig: Setting CVar [[r.TranslucencyVolumeBlur:1]]
[2023.02.06-10.05.33:071][  0]LogConfig: Setting CVar [[r.MaterialQualityLevel:1 ; High quality]]
[2023.02.06-10.05.33:071][  0]LogConfig: Setting CVar [[r.AnisotropicMaterials:1]]
[2023.02.06-10.05.33:071][  0]LogConfig: Setting CVar [[r.SSS.Scale:1]]
[2023.02.06-10.05.33:071][  0]LogConfig: Setting CVar [[r.SSS.SampleSet:2]]
[2023.02.06-10.05.33:071][  0]LogConfig: Setting CVar [[r.SSS.Quality:1]]
[2023.02.06-10.05.33:071][  0]LogConfig: Setting CVar [[r.SSS.HalfRes:0]]
[2023.02.06-10.05.33:071][  0]LogConfig: Setting CVar [[r.SSGI.Quality:3]]
[2023.02.06-10.05.33:071][  0]LogConfig: Setting CVar [[r.EmitterSpawnRateScale:1.0]]
[2023.02.06-10.05.33:071][  0]LogConfig: Setting CVar [[r.ParticleLightQuality:2]]
[2023.02.06-10.05.33:071][  0]LogConfig: Setting CVar [[r.SkyAtmosphere.AerialPerspectiveLUT.FastApplyOnOpaque:1 ; Always have FastSkyLUT 1 in this case to avoid wrong sky]]
[2023.02.06-10.05.33:071][  0]LogConfig: Setting CVar [[r.SkyAtmosphere.AerialPerspectiveLUT.SampleCountMaxPerSlice:4]]
[2023.02.06-10.05.33:071][  0]LogConfig: Setting CVar [[r.SkyAtmosphere.AerialPerspectiveLUT.DepthResolution:16.0]]
[2023.02.06-10.05.33:071][  0]LogConfig: Setting CVar [[r.SkyAtmosphere.FastSkyLUT:1]]
[2023.02.06-10.05.33:071][  0]LogConfig: Setting CVar [[r.SkyAtmosphere.FastSkyLUT.SampleCountMin:4.0]]
[2023.02.06-10.05.33:071][  0]LogConfig: Setting CVar [[r.SkyAtmosphere.FastSkyLUT.SampleCountMax:128.0]]
[2023.02.06-10.05.33:071][  0]LogConfig: Setting CVar [[r.SkyAtmosphere.SampleCountMin:4.0]]
[2023.02.06-10.05.33:071][  0]LogConfig: Setting CVar [[r.SkyAtmosphere.SampleCountMax:128.0]]
[2023.02.06-10.05.33:071][  0]LogConfig: Setting CVar [[r.SkyAtmosphere.TransmittanceLUT.UseSmallFormat:0]]
[2023.02.06-10.05.33:071][  0]LogConfig: Setting CVar [[r.SkyAtmosphere.TransmittanceLUT.SampleCount:10.0]]
[2023.02.06-10.05.33:071][  0]LogConfig: Setting CVar [[r.SkyAtmosphere.MultiScatteringLUT.SampleCount:15.0]]
[2023.02.06-10.05.33:071][  0]LogConfig: Setting CVar [[r.SkyLight.RealTimeReflectionCapture:1]]
[2023.02.06-10.05.33:071][  0]LogConfig: Applying CVar settings from Section [FoliageQuality@3] File [C:/Users/km05260232/Documents/GitHub/Infinite-Runner-Unreal/Saved/Config/Windows/Scalability.ini]
[2023.02.06-10.05.33:071][  0]LogConfig: Setting CVar [[foliage.DensityScale:1.0]]
[2023.02.06-10.05.33:071][  0]LogConfig: Setting CVar [[grass.DensityScale:1.0]]
[2023.02.06-10.05.33:071][  0]LogConfig: Applying CVar settings from Section [ShadingQuality@3] File [C:/Users/km05260232/Documents/GitHub/Infinite-Runner-Unreal/Saved/Config/Windows/Scalability.ini]
[2023.02.06-10.05.33:071][  0]LogConfig: Setting CVar [[r.HairStrands.SkyLighting.IntegrationType:2]]
[2023.02.06-10.05.33:071][  0]LogConfig: Setting CVar [[r.HairStrands.SkyAO.SampleCount:4]]
[2023.02.06-10.05.33:071][  0]LogConfig: Setting CVar [[r.HairStrands.Visibility.MSAA.SamplePerPixel:4]]
[2023.02.06-10.05.33:071][  0]LogConfig: Applying CVar settings from Section [Startup] File [../../../Engine/Config/ConsoleVariables.ini]
[2023.02.06-10.05.33:072][  0]LogConfig: Setting CVar [[net.UseAdaptiveNetUpdateFrequency:0]]
[2023.02.06-10.05.33:072][  0]LogConfig: Setting CVar [[p.chaos.AllowCreatePhysxBodies:1]]
[2023.02.06-10.05.33:072][  0]LogConfig: Setting CVar [[fx.SkipVectorVMBackendOptimizations:1]]
[2023.02.06-10.05.33:072][  0]LogConfig: Applying CVar settings from Section [ConsoleVariables] File [C:/Users/km05260232/Documents/GitHub/Infinite-Runner-Unreal/Saved/Config/Windows/Engine.ini]
[2023.02.06-10.05.33:072][  0]LogConfig: Applying CVar settings from Section [ConsoleVariables] File [C:/Users/km05260232/Documents/GitHub/Infinite-Runner-Unreal/Saved/Config/Windows/Editor.ini]
[2023.02.06-10.05.33:072][  0]LogInit: Computer: A22801X
[2023.02.06-10.05.33:072][  0]LogInit: User: km05260232
[2023.02.06-10.05.33:072][  0]LogInit: CPU Page size=4096, Cores=6
[2023.02.06-10.05.33:072][  0]LogInit: High frequency timer resolution =10.000000 MHz
[2023.02.06-10.05.33:072][  0]LogMemory: Memory total: Physical=15.9GB (16GB approx)
[2023.02.06-10.05.33:072][  0]LogMemory: Platform Memory Stats for Windows
[2023.02.06-10.05.33:072][  0]LogMemory: Process Physical Memory: 142.42 MB used, 142.42 MB peak
[2023.02.06-10.05.33:072][  0]LogMemory: Process Virtual Memory: 126.95 MB used, 126.95 MB peak
[2023.02.06-10.05.33:072][  0]LogMemory: Physical Memory: 8888.25 MB used,  7443.96 MB free, 16332.21 MB total
[2023.02.06-10.05.33:072][  0]LogMemory: Virtual Memory: 134211760.00 MB used,  5970.00 MB free, 134217728.00 MB total
[2023.02.06-10.05.33:082][  0]LogWindows: WindowsPlatformFeatures enabled
[2023.02.06-10.05.33:162][  0]LogInit: Physics initialised using underlying interface: PhysX
[2023.02.06-10.05.33:163][  0]LogInit: Using OS detected language (en-US).
[2023.02.06-10.05.33:163][  0]LogInit: Using OS detected locale (en-GB).
[2023.02.06-10.05.33:166][  0]LogTextLocalizationManager: No specific localization for 'en-US' exists, so the 'en' localization will be used.
[2023.02.06-10.05.33:395][  0]LogInit: Setting process to per monitor DPI aware
[2023.02.06-10.05.33:411][  0]LogWindowsTextInputMethodSystem: Display: IME system deactivated.
[2023.02.06-10.05.33:430][  0]LogSlate: New Slate User Created.  User Index 0, Is Virtual User: 0
[2023.02.06-10.05.33:430][  0]LogSlate: Slate User Registered.  User Index 0, Is Virtual User: 0
[2023.02.06-10.05.34:033][  0]LogD3D11RHI: Loaded GFSDK_Aftermath_Lib.x64.dll
[2023.02.06-10.05.34:037][  0]LogHMD: Failed to initialize OpenVR with code 110
[2023.02.06-10.05.34:037][  0]LogD3D11RHI: D3D11 min allowed feature level: 11_0
[2023.02.06-10.05.34:037][  0]LogD3D11RHI: D3D11 max allowed feature level: 11_0
[2023.02.06-10.05.34:037][  0]LogD3D11RHI: D3D11 adapters:
[2023.02.06-10.05.34:177][  0]LogD3D11RHI:    0. 'NVIDIA GeForce GTX 1660' (Feature Level 11_0)
[2023.02.06-10.05.34:177][  0]LogD3D11RHI:       5991/0/8166 MB DedicatedVideo/DedicatedSystem/SharedSystem, Outputs:1, VendorId:0x10de
[2023.02.06-10.05.34:180][  0]LogD3D11RHI:    1. 'Microsoft Basic Render Driver' (Feature Level 11_0)
[2023.02.06-10.05.34:180][  0]LogD3D11RHI:       0/0/8166 MB DedicatedVideo/DedicatedSystem/SharedSystem, Outputs:0, VendorId:0x1414
[2023.02.06-10.05.34:180][  0]LogD3D11RHI: Chosen D3D11 Adapter:
[2023.02.06-10.05.34:180][  0]LogD3D11RHI:     Description : NVIDIA GeForce GTX 1660
[2023.02.06-10.05.34:180][  0]LogD3D11RHI:     VendorId    : 10de
[2023.02.06-10.05.34:180][  0]LogD3D11RHI:     DeviceId    : 2184
[2023.02.06-10.05.34:180][  0]LogD3D11RHI:     SubSysId    : 86bb1043
[2023.02.06-10.05.34:180][  0]LogD3D11RHI:     Revision    : 00a1
[2023.02.06-10.05.34:180][  0]LogD3D11RHI:     DedicatedVideoMemory : 6282018816 bytes
[2023.02.06-10.05.34:180][  0]LogD3D11RHI:     DedicatedSystemMemory : 0 bytes
[2023.02.06-10.05.34:180][  0]LogD3D11RHI:     SharedSystemMemory : 8562782208 bytes
[2023.02.06-10.05.34:180][  0]LogD3D11RHI:     AdapterLuid : 0 37883
[2023.02.06-10.05.34:191][  0]LogD3D11RHI: Creating new Direct3DDevice
[2023.02.06-10.05.34:191][  0]LogD3D11RHI:     GPU DeviceId: 0x2184 (for the marketing name, search the web for "GPU Device Id")
[2023.02.06-10.05.34:191][  0]LogWindows: EnumDisplayDevices:
[2023.02.06-10.05.34:191][  0]LogWindows:    0. 'NVIDIA GeForce GTX 1660' (P:1 D:1)
[2023.02.06-10.05.34:191][  0]LogWindows:    1. 'NVIDIA GeForce GTX 1660' (P:0 D:0)
[2023.02.06-10.05.34:192][  0]LogWindows:    2. 'NVIDIA GeForce GTX 1660' (P:0 D:0)
[2023.02.06-10.05.34:192][  0]LogWindows:    3. 'NVIDIA GeForce GTX 1660' (P:0 D:0)
[2023.02.06-10.05.34:193][  0]LogWindows: DebugString: FoundDriverCount:4 
[2023.02.06-10.05.34:193][  0]LogD3D11RHI:     Adapter Name: NVIDIA GeForce GTX 1660
[2023.02.06-10.05.34:193][  0]LogD3D11RHI:   Driver Version: 471.68 (internal:30.0.14.7168, unified:471.68)
[2023.02.06-10.05.34:193][  0]LogD3D11RHI:      Driver Date: 8-5-2021
[2023.02.06-10.05.34:193][  0]LogRHI: Texture pool is 4193 MB (70% of 5991 MB)
[2023.02.06-10.05.34:193][  0]LogD3D11RHI: Creating D3DDevice using adapter:
[2023.02.06-10.05.34:193][  0]LogD3D11RHI:     Description : NVIDIA GeForce GTX 1660
[2023.02.06-10.05.34:193][  0]LogD3D11RHI:     VendorId    : 10de
[2023.02.06-10.05.34:193][  0]LogD3D11RHI:     DeviceId    : 2184
[2023.02.06-10.05.34:193][  0]LogD3D11RHI:     SubSysId    : 86bb1043
[2023.02.06-10.05.34:193][  0]LogD3D11RHI:     Revision    : 00a1
[2023.02.06-10.05.34:193][  0]LogD3D11RHI:     DedicatedVideoMemory : 6282018816 bytes
[2023.02.06-10.05.34:193][  0]LogD3D11RHI:     DedicatedSystemMemory : 0 bytes
[2023.02.06-10.05.34:193][  0]LogD3D11RHI:     SharedSystemMemory : 8562782208 bytes
[2023.02.06-10.05.34:193][  0]LogD3D11RHI:     AdapterLuid : 0 37883
[2023.02.06-10.05.34:301][  0]LogD3D11RHI: RHI has support for 64 bit atomics
[2023.02.06-10.05.34:302][  0]LogD3D11RHI: Async texture creation enabled
[2023.02.06-10.05.34:302][  0]LogD3D11RHI: Array index from any shader is supported
[2023.02.06-10.05.34:316][  0]LogD3D11RHI: GPU Timing Frequency: 1000.000000 (Debug: 2 1)
[2023.02.06-10.05.34:381][  0]LogRHI: GeForceNow SDK initialized: 1
[2023.02.06-10.05.34:751][  0]LogTargetPlatformManager: Display: Loaded TargetPlatform 'AllDesktop'
[2023.02.06-10.05.34:788][  0]LogTargetPlatformManager: Display: Loaded TargetPlatform 'Android'
[2023.02.06-10.05.34:788][  0]LogTargetPlatformManager: Display: Loaded TargetPlatform 'Android_ASTC'
[2023.02.06-10.05.34:788][  0]LogTargetPlatformManager: Display: Loaded TargetPlatform 'Android_DXT'
[2023.02.06-10.05.34:788][  0]LogTargetPlatformManager: Display: Loaded TargetPlatform 'Android_ETC2'
[2023.02.06-10.05.34:788][  0]LogTargetPlatformManager: Display: Loaded TargetPlatform 'AndroidClient'
[2023.02.06-10.05.34:788][  0]LogTargetPlatformManager: Display: Loaded TargetPlatform 'Android_ASTCClient'
[2023.02.06-10.05.34:788][  0]LogTargetPlatformManager: Display: Loaded TargetPlatform 'Android_DXTClient'
[2023.02.06-10.05.34:788][  0]LogTargetPlatformManager: Display: Loaded TargetPlatform 'Android_ETC2Client'
[2023.02.06-10.05.34:788][  0]LogTargetPlatformManager: Display: Loaded TargetPlatform 'Android_Multi'
[2023.02.06-10.05.34:788][  0]LogTargetPlatformManager: Display: Loaded TargetPlatform 'Android_MultiClient'
[2023.02.06-10.05.34:821][  0]LogTargetPlatformManager: Display: Loaded TargetPlatform 'IOSClient'
[2023.02.06-10.05.34:821][  0]LogTargetPlatformManager: Display: Loaded TargetPlatform 'IOS'
[2023.02.06-10.05.34:833][  0]LogTargetPlatformManager: Display: Loaded TargetPlatform 'Linux'
[2023.02.06-10.05.34:839][  0]LogTargetPlatformManager: Display: Loaded TargetPlatform 'LinuxNoEditor'
[2023.02.06-10.05.34:846][  0]LogTargetPlatformManager: Display: Loaded TargetPlatform 'LinuxClient'
[2023.02.06-10.05.34:853][  0]LogTargetPlatformManager: Display: Loaded TargetPlatform 'LinuxServer'
[2023.02.06-10.05.34:866][  0]LogTargetPlatformManager: Display: Loaded TargetPlatform 'LinuxAArch64NoEditor'
[2023.02.06-10.05.34:873][  0]LogTargetPlatformManager: Display: Loaded TargetPlatform 'LinuxAArch64Client'
[2023.02.06-10.05.34:880][  0]LogTargetPlatformManager: Display: Loaded TargetPlatform 'LinuxAArch64Server'
[2023.02.06-10.05.34:907][  0]LogTargetPlatformManager: Display: Loaded TargetPlatform 'Lumin'
[2023.02.06-10.05.34:907][  0]LogTargetPlatformManager: Display: Loaded TargetPlatform 'LuminClient'
[2023.02.06-10.05.34:919][  0]LogTargetPlatformManager: Display: Loaded TargetPlatform 'MacNoEditor'
[2023.02.06-10.05.34:925][  0]LogTargetPlatformManager: Display: Loaded TargetPlatform 'Mac'
[2023.02.06-10.05.34:931][  0]LogTargetPlatformManager: Display: Loaded TargetPlatform 'MacClient'
[2023.02.06-10.05.34:938][  0]LogTargetPlatformManager: Display: Loaded TargetPlatform 'MacServer'
[2023.02.06-10.05.34:951][  0]LogTargetPlatformManager: Display: Loaded TargetPlatform 'TVOSClient'
[2023.02.06-10.05.34:951][  0]LogTargetPlatformManager: Display: Loaded TargetPlatform 'TVOS'
[2023.02.06-10.05.34:963][  0]LogTargetPlatformManager: Display: Loaded TargetPlatform 'WindowsNoEditor'
[2023.02.06-10.05.34:970][  0]LogTargetPlatformManager: Display: Loaded TargetPlatform 'Windows'
[2023.02.06-10.05.34:978][  0]LogTargetPlatformManager: Display: Loaded TargetPlatform 'WindowsClient'
[2023.02.06-10.05.34:985][  0]LogTargetPlatformManager: Display: Loaded TargetPlatform 'WindowsServer'
[2023.02.06-10.05.34:985][  0]LogTargetPlatformManager: Display: Building Assets For Windows
[2023.02.06-10.05.35:001][  0]LogAudioDebug: Display: Lib vorbis DLL was dynamically loaded.
[2023.02.06-10.05.35:054][  0]LogTextureFormatOodle: Display: Oodle Texture 2.9.0 init RDO Off
[2023.02.06-10.05.35:104][  0]LogRendererCore: Ray tracing is disabled. Reason: r.RayTracing=0.
[2023.02.06-10.05.35:104][  0]LogShaderCompilers: Guid format shader working directory is -24 characters bigger than the processId version (../../../../../../Users/km05260232/Documents/GitHub/Infinite-Runner-Unreal/Intermediate/Shaders/WorkingDirectory/16044/).
[2023.02.06-10.05.35:104][  0]LogShaderCompilers: Cleaned the shader compiler working directory 'C:/Users/km05260232/AppData/Local/Temp/UnrealShaderWorkingDir/6E2795C845FE17436D61D1B15E3FC94C/'.
[2023.02.06-10.05.35:105][  0]LogXGEController: Cannot use XGE Controller as Incredibuild is not installed on this machine.
[2023.02.06-10.05.35:105][  0]LogShaderCompilers: Cannot use XGE Shader Compiler as Incredibuild is not installed on this machine.
[2023.02.06-10.05.35:105][  0]LogShaderCompilers: Display: Using Local Shader Compiler.
[2023.02.06-10.05.35:998][  0]LogDerivedDataCache: Display: Max Cache Size: 512 MB
[2023.02.06-10.05.36:068][  0]LogDerivedDataCache: Loaded boot cache 0.07s 94MB C:/Users/km05260232/AppData/Local/UnrealEngine/4.27/DerivedDataCache/Boot.ddc.
[2023.02.06-10.05.36:068][  0]LogDerivedDataCache: Display: Loaded Boot cache: C:/Users/km05260232/AppData/Local/UnrealEngine/4.27/DerivedDataCache/Boot.ddc
[2023.02.06-10.05.36:068][  0]LogDerivedDataCache: FDerivedDataBackendGraph:  Pak pak cache file ../../../../../../Users/km05260232/Documents/GitHub/Infinite-Runner-Unreal/DerivedDataCache/DDC.ddp not found, will not use a pak cache.
[2023.02.06-10.05.36:068][  0]LogDerivedDataCache: Unable to find inner node Pak for hierarchical cache Hierarchy.
[2023.02.06-10.05.36:068][  0]LogDerivedDataCache: FDerivedDataBackendGraph:  CompressedPak pak cache file ../../../../../../Users/km05260232/Documents/GitHub/Infinite-Runner-Unreal/DerivedDataCache/Compressed.ddp not found, will not use a pak cache.
[2023.02.06-10.05.36:068][  0]LogDerivedDataCache: Unable to find inner node CompressedPak for hierarchical cache Hierarchy.
[2023.02.06-10.05.36:085][  0]LogDerivedDataCache: Display: Pak cache opened for reading ../../../Engine/DerivedDataCache/Compressed.ddp.
[2023.02.06-10.05.36:085][  0]LogDerivedDataCache: FDerivedDataBackendGraph:  EnterprisePak pak cache file ../../../Enterprise/DerivedDataCache/Compressed.ddp not found, will not use a pak cache.
[2023.02.06-10.05.36:085][  0]LogDerivedDataCache: Unable to find inner node EnterprisePak for hierarchical cache Hierarchy.
[2023.02.06-10.05.36:102][  0]LogDerivedDataCache: Speed tests for C:/Users/km05260232/AppData/Local/UnrealEngine/Common/DerivedDataCache took 0.02 seconds
[2023.02.06-10.05.36:102][  0]LogDerivedDataCache: Display: Performance to C:/Users/km05260232/AppData/Local/UnrealEngine/Common/DerivedDataCache: Latency=0.01ms. RandomReadSpeed=158.13MBs, RandomWriteSpeed=89.75MBs. Assigned SpeedClass 'Local'
[2023.02.06-10.05.36:102][  0]LogDerivedDataCache: Using Local data cache path C:/Users/km05260232/AppData/Local/UnrealEngine/Common/DerivedDataCache: Writable
[2023.02.06-10.05.36:102][  0]LogDerivedDataCache: Shared data cache path not found in *engine.ini, will not use an Shared cache.
[2023.02.06-10.05.36:102][  0]LogDerivedDataCache: Unable to find inner node Shared for hierarchical cache Hierarchy.
[2023.02.06-10.05.36:147][  0]LogSlate: Using FreeType 2.10.0
[2023.02.06-10.05.36:149][  0]LogSlate: SlateFontServices - WITH_FREETYPE: 1, WITH_HARFBUZZ: 1
[2023.02.06-10.05.36:191][  0]LogAssetRegistry: FAssetRegistry took 0.0029 seconds to start up
[2023.02.06-10.05.36:439][  0]LogInit: Selected Device Profile: [Windows]
[2023.02.06-10.05.36:439][  0]LogInit: Active device profile: [0000018AA4284F00][0000018AA3B3C940 49] Windows
[2023.02.06-10.05.36:439][  0]LogInit: Profiles: [0000018AA4284F00][0000018AA3B3C940 49] Windows, [0000018AA424A400][0000018AA398CA80 49] WindowsNoEditor, [0000018AA4285F00][0000018AA3F48BC0 49] WindowsServer, [0000018AA4249600][0000018AA3F4CD00 49] WindowsClient, [0000018AA4285000][0000018A9BF76E80 49] IOS, [0000018AA424BA00][0000018AA3AF3000 49] iPadAir, [0000018AA4287300][0000018AA3AF7180 49] iPadAir2, [0000018AA41C5300][0000018A9BEF7440 49] IPadPro, [0000018AA41C5400][0000018A9BEF3480 49] iPadAir3, [0000018AA4248B00][0000018A9BDC1600 49] iPadAir4, [0000018AA41C6100][0000018A9BDC5780 49] iPadMini2, [0000018AA424B400][0000018A96BB9900 49] iPadMini3, [0000018AA41C6C00][0000018A96BBDA80 49] iPadMini4, [0000018AA424A700][0000018A96BCBC00 49] iPadMini5, [0000018AA41E4E00][0000018AA3D38340 49] iPhone6, [0000018AA41E4F00][0000018A96BCE380 49] iPodTouch6, [0000018AA4286800][0000018AA3D40640 49] iPhone7, [0000018AA4286900][0000018AA3D3C680 49] iPodTouch7, [0000018AA41C4C00][0000018AA3D44800 49] iPhone5S, [0000018AA4285300][0000018A9BEEC980 49] iPhone6Plus, [0000018AA4287A00][0000018AA3D84B00 49] iPhone6S, [0000018AA41E5300][0000018A9BF72C40 49] iPhone6SPlus, [0000018AA4284B00][0000018AA3D88D80 49] iPhone7Plus, [0000018AA41E5600][0000018AA5254EC0 49] iPhoneSE, [0000018AA4284A00][0000018AA528D040 49] iPhone8, [0000018AA41E5200][0000018A9BF531C0 49] iPhone8Plus, [0000018AA41C6B00][0000018A9BF57340 49] iPhoneX, [0000018AA41E4C00][0000018A9BF5B4C0 49] iPhoneXS, [0000018AA41C7A00][0000018A9BF5F640 49] iPhoneXSMax, [0000018AA41E7800][0000018AA3D8D7C0 49] iPhoneXR, [0000018AA41C4D00][0000018AA5285940 49] iPhone11, [0000018AA41E6600][0000018A9BF6FAC0 49] iPhone11Pro, [0000018AA41C6900][0000018A9BDBC0C0 49] iPhone11ProMax, [0000018AA41E4200][0000018A9BEFE240 49] iPhoneSE2, [0000018AA41C4B00][0000018A9BEFA3C0 49] iPhone12Mini, [0000018AA41E6A00][0000018AA3B34540 49] iPhone12, [0000018AA41C6E00][0000018AA3B386C0 49] iPhone12Pro, [0000018AA41E4A00][0000018AA3F14840 49] iPhone12ProMax, [0000018AA41C7200][0000018AA3F189C0 49] iPadPro105, [0000018AA41E7600][0000018AA3F1CB40 49] iPadPro129, [0000018AA41C6000][0000018AA3F20CC0 49] iPadPro97, [0000018AA41E6000][0000018AA5288E00 49] iPadPro2_129, [0000018AA41C6400][0000018AA3F24F40 49] iPad5, [0000018AA41E5400][0000018AA3F29080 49] iPad6, [0000018AA41C5000][0000018AA3F2D1C0 49] iPad7, [0000018AA41E5700][0000018AA3F35340 49] iPad8, [0000018AA41C7C00][0000018AA3F394C0 49] iPadPro11, [0000018AA41E5800][0000018AA5219640 49] iPadPro2_11, [0000018AA41C4600][0000018AA521D7C0 49] iPadPro3_129, [0000018AA41E4D00][0000018AA5221940 49] iPadPro4_129, [0000018AA41C7100][0000018AA5225AC0 49] AppleTV, [0000018AA41E4800][0000018AA52280C0 49] AppleTV4K, [0000018AA41C4500][0000018AA522C240 49] TVOS, [0000018AA41E4500][0000018AA52303C0 49] Mac, [0000018AA41C4700][0000018AA5234540 49] MacClient, [0000018AA41E5500][0000018AA52386C0 49] MacNoEditor, [0000018AA41C5500][0000018AA523C840 49] MacServer, [0000018AA41E6E00][0000018AA52409C0 49] Linux, [0000018AA41C4400][0000018AA5244B40 49] LinuxAArch64, [0000018AA41E5E00][0000018AA5248CC0 49] LinuxNoEditor, [0000018AA41C5C00][0000018AA524CE40 49] LinuxAArch64NoEditor, [0000018AA41E6900][0000018AA3F30F80 49] LinuxClient, [0000018AA41C6D00][0000018AA52510C0 49] LinuxAArch64Client, [0000018AA41E4100][0000018A9BD65200 49] LinuxServer, [0000018AA41C5E00][0000018A9BD69340 49] LinuxAArch64Server, [0000018AA41E4B00][0000018A9BD714C0 49] Android, [0000018AA41C5A00][0000018A9BD75640 49] Android_Low, [0000018AA41E6F00][0000018A9BD797C0 49] Android_Mid, [0000018AA41C5100][0000018A9BD7D940 49] Android_High, [0000018AA41E7000][0000018A9BD81AC0 49] Android_Default, [0000018AA41C5700][0000018A9BD840C0 49] Android_Adreno4xx, [0000018AA41E5900][0000018A9BD88240 49] Android_Adreno5xx_Low, [0000018AA41C4A00][0000018A9BD8C3C0 49] Android_Adreno5xx, [0000018AA41E7400][0000018A9BD90540 49] Android_Adreno6xx, [0000018AA41C4E00][0000018A9BD946C0 49] Android_Adreno6xx_Vulkan, [0000018AA41E7100][0000018A9BD98840 49] Android_Mali_T6xx, [0000018AA4285E00][0000018A9BD9C9C0 49] Android_Mali_T7xx, [0000018AA4248800][0000018A9BDA0B40 49] Android_Mali_T8xx, [0000018AA4285200][0000018A9BDA4CC0 49] Android_Mali_G71, [0000018AA4248E00][0000018A9BDA8E40 49] Android_Mali_G72, [0000018AA4285100][0000018A9BDACFC0 49] Android_Mali_G72_Vulkan, [0000018AA424A500][0000018A9BDB1140 49] Android_Mali_G76, [0000018AA4285500][0000018A9BD6D280 49] Android_Mali_G76_Vulkan, [0000018AA424A000][0000018A9BDB53C0 49] Android_Mali_G77, [0000018AA4287F00][0000018A9BDB9500 49] Android_Mali_G77_Vulkan, [0000018AA4249D00][0000018AA5303680 49] Android_Mali_G78, [0000018AA4284300][0000018AA5307800 49] Android_Mali_G78_Vulkan, [0000018AA4248400][0000018AA530B980 49] Android_Mali_G710, [0000018AA4287700][0000018AA530FB00 49] Android_Mali_G710_Vulkan, [0000018AA424B100][0000018AA5312100 49] Android_Vulkan_SM5, [0000018AA4284800][0000018AA5316280 49] Android_PowerVR_G6xxx, [0000018AA4248A00][0000018AA531A400 49] Android_PowerVR_GT7xxx, [0000018AA4284D00][0000018AA531E580 49] Android_PowerVR_GE8xxx, [0000018AA424BC00][0000018AA5322700 49] Android_PowerVR_GM9xxx, [0000018AA4284600][0000018AA5326880 49] Android_PowerVR_GM9xxx_Vulkan, [0000018AA4249200][0000018AA532AA00 49] Android_TegraK1, [0000018AA4286B00][0000018AA532EB80 49] Android_Unknown_Vulkan, [0000018AA424B000][0000018AA5332D00 49] Lumin, [0000018AA4286000][0000018AA5336E80 49] Lumin_Desktop, [0000018AA424AE00][0000018AA533B000 49] HoloLens, 
[2023.02.06-10.05.36:598][  0]LogMeshReduction: Using QuadricMeshReduction for automatic static mesh reduction
[2023.02.06-10.05.36:598][  0]LogMeshReduction: Using SimplygonMeshReduction for automatic skeletal mesh reduction
[2023.02.06-10.05.36:598][  0]LogMeshReduction: Using ProxyLODMeshReduction for automatic mesh merging
[2023.02.06-10.05.36:598][  0]LogMeshReduction: No distributed automatic mesh merging module available
[2023.02.06-10.05.36:598][  0]LogMeshMerging: No distributed automatic mesh merging module available
[2023.02.06-10.05.36:630][  0]LogNetVersion: Infinite_Runner 1.0.0, NetCL: 17155196, EngineNetVer: 17, GameNetVer: 0 (Checksum: 3922851510)
[2023.02.06-10.05.37:325][  0]LogTexture: Default maximum texture size for cubemaps generated from long-lat sources has been changed from 512 to unlimited. In order to preserve old behaiour for '/Engine/MapTemplates/Sky/DaylightAmbientCubemap.DaylightAmbientCubemap', its maximum texture size has been explicitly set to 512.
[2023.02.06-10.05.37:392][  0]LogHMD: PokeAHoleMaterial loaded successfully
[2023.02.06-10.05.37:397][  0]LogUObjectArray: 17178 objects as part of root set at end of initial load.
[2023.02.06-10.05.37:397][  0]LogUObjectAllocator: 4302048 out of 0 bytes used by permanent object pool.
[2023.02.06-10.05.37:397][  0]LogUObjectArray: CloseDisregardForGC: 0/0 objects in disregard for GC pool
